This is pdfTeX, Version 3.1415926-1.40.10 (TeX Live 2009) (format=pdflatex 2009.11.7)  17 SEP 2013 17:01
entering extended mode
 \write18 enabled.
 file:line:error style messages enabled.
 %&-line parsing enabled.
**H_to_fermions_Malone.tex
(./H_to_fermions_Malone.tex
LaTeX2e <2009/09/24>
Babel <v3.8l> and hyphenation patterns for english, usenglishmax, dumylang, noh
yphenation, german-x-2009-06-19, ngerman-x-2009-06-19, ancientgreek, ibycus, ar
abic, basque, bulgarian, catalan, pinyin, coptic, croatian, czech, danish, dutc
h, esperanto, estonian, farsi, finnish, french, galician, german, ngerman, mono
greek, greek, hungarian, icelandic, indonesian, interlingua, irish, italian, ku
rmanji, latin, latvian, lithuanian, mongolian, mongolian2a, bokmal, nynorsk, po
lish, portuguese, romanian, russian, sanskrit, serbian, slovak, slovenian, span
ish, swedish, turkish, ukenglish, ukrainian, uppersorbian, welsh, loaded.
(/usr/local/texlive/2009/texmf-dist/tex/latex/beamer/beamer.cls
(/usr/local/texlive/2009/texmf-dist/tex/latex/beamer/beamerbasercs.sty
Package: beamerbasercs 2007/01/28 (rcs-revision 1.4)
)
Document Class: beamer 2007/03/11 cvs version 3.07 A class for typesetting pres
entations (rcs-revision 1.70)
(/usr/local/texlive/2009/texmf-dist/tex/latex/beamer/beamerbasemodes.sty
Package: beamerbasemodes 2007/01/28 (rcs-revision 1.22)
\beamer@tempbox=\box26
\beamer@tempcount=\count79
\c@beamerpauses=\count80

(/usr/local/texlive/2009/texmf-dist/tex/latex/beamer/beamerbasedecode.sty
Package: beamerbasedecode 2007/01/28 (rcs-revision 1.20)
\beamer@slideinframe=\count81
\beamer@minimum=\count82
)
\beamer@commentbox=\box27
\beamer@modecount=\count83
)
\headheight=\dimen102
\headdp=\dimen103
\footheight=\dimen104
\sidebarheight=\dimen105
\beamer@tempdim=\dimen106
\beamer@finalheight=\dimen107
\beamer@animht=\dimen108
\beamer@animdp=\dimen109
\beamer@animwd=\dimen110
\beamer@leftmargin=\dimen111
\beamer@rightmargin=\dimen112
\beamer@leftsidebar=\dimen113
\beamer@rightsidebar=\dimen114
\beamer@boxsize=\dimen115
\beamer@vboxoffset=\dimen116
\beamer@descdefault=\dimen117
\beamer@descriptionwidth=\dimen118
\beamer@lastskip=\skip41
\beamer@areabox=\box28
\beamer@animcurrent=\box29
\beamer@animshowbox=\box30
\beamer@sectionbox=\box31
\beamer@logobox=\box32
\beamer@linebox=\box33
\beamer@sectioncount=\count84
\beamer@subsubsectionmax=\count85
\beamer@subsectionmax=\count86
\beamer@sectionmax=\count87
\beamer@totalheads=\count88
\beamer@headcounter=\count89
\beamer@partstartpage=\count90
\beamer@sectionstartpage=\count91
\beamer@subsectionstartpage=\count92
\beamer@animationtempa=\count93
\beamer@animationtempb=\count94
\beamer@xpos=\count95
\beamer@ypos=\count96
\beamer@showpartnumber=\count97
\beamer@currentsubsection=\count98
\beamer@coveringdepth=\count99
\beamer@sectionadjust=\count100
\beamer@tocsectionnumber=\count101

(/usr/local/texlive/2009/texmf-dist/tex/latex/beamer/beamerbaseoptions.sty
Package: beamerbaseoptions 2007/01/28 (rcs-revision 1.8)

(/usr/local/texlive/2009/texmf-dist/tex/latex/graphics/keyval.sty
Package: keyval 1999/03/16 v1.13 key=value parser (DPC)
\KV@toks@=\toks14
))
(/usr/local/texlive/2009/texmf-dist/tex/latex/pgf/basiclayer/pgfcore.sty
(/usr/local/texlive/2009/texmf-dist/tex/latex/graphics/graphicx.sty
Package: graphicx 1999/02/16 v1.0f Enhanced LaTeX Graphics (DPC,SPQR)

(/usr/local/texlive/2009/texmf-dist/tex/latex/graphics/graphics.sty
Package: graphics 2009/02/05 v1.0o Standard LaTeX Graphics (DPC,SPQR)

(/usr/local/texlive/2009/texmf-dist/tex/latex/graphics/trig.sty
Package: trig 1999/03/16 v1.09 sin cos tan (DPC)
)
(/usr/local/texlive/2009/texmf-dist/tex/latex/latexconfig/graphics.cfg
File: graphics.cfg 2009/08/28 v1.8 graphics configuration of TeX Live
)
Package graphics Info: Driver file: pdftex.def on input line 91.

(/usr/local/texlive/2009/texmf-dist/tex/latex/pdftex-def/pdftex.def
File: pdftex.def 2009/08/25 v0.04m Graphics/color for pdfTeX
\Gread@gobject=\count102
))
\Gin@req@height=\dimen119
\Gin@req@width=\dimen120
)
(/usr/local/texlive/2009/texmf-dist/tex/latex/pgf/systemlayer/pgfsys.sty
(/usr/local/texlive/2009/texmf-dist/tex/latex/pgf/utilities/pgfrcs.sty
(/usr/local/texlive/2009/texmf-dist/tex/generic/pgf/utilities/pgfutil-common.te
x
\pgfutil@everybye=\toks15
)
(/usr/local/texlive/2009/texmf-dist/tex/generic/pgf/utilities/pgfutil-latex.def
) (/usr/local/texlive/2009/texmf-dist/tex/generic/pgf/utilities/pgfrcs.code.tex
Package: pgfrcs 2008/02/20 v2.00 (rcs-revision 1.21)
))
(/usr/local/texlive/2009/texmf-dist/tex/generic/pgf/systemlayer/pgfsys.code.tex
Package: pgfsys 2008/02/07 v2.00 (rcs-revision 1.31)
(/usr/local/texlive/2009/texmf-dist/tex/generic/pgf/utilities/pgfkeys.code.tex
\pgfkeys@pathtoks=\toks16
\pgfkeys@temptoks=\toks17
)
\pgf@x=\dimen121
\pgf@y=\dimen122
\pgf@xa=\dimen123
\pgf@ya=\dimen124
\pgf@xb=\dimen125
\pgf@yb=\dimen126
\pgf@xc=\dimen127
\pgf@yc=\dimen128
\c@pgf@counta=\count103
\c@pgf@countb=\count104
\c@pgf@countc=\count105
\c@pgf@countd=\count106
(/usr/local/texlive/2009/texmf-dist/tex/generic/pgf/systemlayer/pgf.cfg
File: pgf.cfg 2008/01/13  (rcs-revision 1.6)
)
Package pgfsys Info: Driver file for pgf: pgfsys-pdftex.def on input line 885.

(/usr/local/texlive/2009/texmf-dist/tex/generic/pgf/systemlayer/pgfsys-pdftex.d
ef
File: pgfsys-pdftex.def 2007/12/20  (rcs-revision 1.20)

(/usr/local/texlive/2009/texmf-dist/tex/generic/pgf/systemlayer/pgfsys-common-p
df.def
File: pgfsys-common-pdf.def 2007/12/17  (rcs-revision 1.8)
)))
(/usr/local/texlive/2009/texmf-dist/tex/generic/pgf/systemlayer/pgfsyssoftpath.
code.tex
File: pgfsyssoftpath.code.tex 2008/01/23  (rcs-revision 1.6)
\pgfsyssoftpath@smallbuffer@items=\count107
\pgfsyssoftpath@bigbuffer@items=\count108
)
(/usr/local/texlive/2009/texmf-dist/tex/generic/pgf/systemlayer/pgfsysprotocol.
code.tex
File: pgfsysprotocol.code.tex 2006/10/16  (rcs-revision 1.4)
)) (/usr/local/texlive/2009/texmf-dist/tex/latex/xcolor/xcolor.sty
Package: xcolor 2007/01/21 v2.11 LaTeX color extensions (UK)

(/usr/local/texlive/2009/texmf-dist/tex/latex/latexconfig/color.cfg
File: color.cfg 2007/01/18 v1.5 color configuration of teTeX/TeXLive
)
Package xcolor Info: Driver file: pdftex.def on input line 225.
Package xcolor Info: Model `cmy' substituted by `cmy0' on input line 1337.
Package xcolor Info: Model `hsb' substituted by `rgb' on input line 1341.
Package xcolor Info: Model `RGB' extended on input line 1353.
Package xcolor Info: Model `HTML' substituted by `rgb' on input line 1355.
Package xcolor Info: Model `Hsb' substituted by `hsb' on input line 1356.
Package xcolor Info: Model `tHsb' substituted by `hsb' on input line 1357.
Package xcolor Info: Model `HSB' substituted by `hsb' on input line 1358.
Package xcolor Info: Model `Gray' substituted by `gray' on input line 1359.
Package xcolor Info: Model `wave' substituted by `hsb' on input line 1360.
)
(/usr/local/texlive/2009/texmf-dist/tex/generic/pgf/basiclayer/pgfcore.code.tex
Package: pgfcore 2008/01/15 v2.00 (rcs-revision 1.6)
(/usr/local/texlive/2009/texmf-dist/tex/generic/pgf/math/pgfmath.code.tex
(/usr/local/texlive/2009/texmf-dist/tex/generic/pgf/math/pgfmathcalc.code.tex
(/usr/local/texlive/2009/texmf-dist/tex/generic/pgf/math/pgfmathutil.code.tex
\pgfmath@box=\box34
)
(/usr/local/texlive/2009/texmf-dist/tex/generic/pgf/math/pgfmathparser.code.tex
\pgfmath@stack=\toks18
\c@pgfmath@parsecounta=\count109
\c@pgfmath@parsecountb=\count110
\c@pgfmath@parsecountc=\count111
\pgfmath@parsex=\dimen129
)
(/usr/local/texlive/2009/texmf-dist/tex/generic/pgf/math/pgfmathoperations.code
.tex
(/usr/local/texlive/2009/texmf-dist/tex/generic/pgf/math/pgfmathtrig.code.tex)
(/usr/local/texlive/2009/texmf-dist/tex/generic/pgf/math/pgfmathrnd.code.tex))
(/usr/local/texlive/2009/texmf-dist/tex/generic/pgf/math/pgfmathbase.code.tex))
)
(/usr/local/texlive/2009/texmf-dist/tex/generic/pgf/basiclayer/pgfcorepoints.co
de.tex
File: pgfcorepoints.code.tex 2008/02/03  (rcs-revision 1.13)
\pgf@picminx=\dimen130
\pgf@picmaxx=\dimen131
\pgf@picminy=\dimen132
\pgf@picmaxy=\dimen133
\pgf@pathminx=\dimen134
\pgf@pathmaxx=\dimen135
\pgf@pathminy=\dimen136
\pgf@pathmaxy=\dimen137
\pgf@xx=\dimen138
\pgf@xy=\dimen139
\pgf@yx=\dimen140
\pgf@yy=\dimen141
\pgf@zx=\dimen142
\pgf@zy=\dimen143
)
(/usr/local/texlive/2009/texmf-dist/tex/generic/pgf/basiclayer/pgfcorepathconst
ruct.code.tex
File: pgfcorepathconstruct.code.tex 2008/02/13  (rcs-revision 1.14)
\pgf@path@lastx=\dimen144
\pgf@path@lasty=\dimen145
)
(/usr/local/texlive/2009/texmf-dist/tex/generic/pgf/basiclayer/pgfcorepathusage
.code.tex
File: pgfcorepathusage.code.tex 2008/01/23  (rcs-revision 1.11)
\pgf@shorten@end@additional=\dimen146
\pgf@shorten@start@additional=\dimen147
)
(/usr/local/texlive/2009/texmf-dist/tex/generic/pgf/basiclayer/pgfcorescopes.co
de.tex
File: pgfcorescopes.code.tex 2008/01/15  (rcs-revision 1.26)
\pgfpic=\box35
\pgf@hbox=\box36
\pgf@layerbox@main=\box37
\pgf@picture@serial@count=\count112
)
(/usr/local/texlive/2009/texmf-dist/tex/generic/pgf/basiclayer/pgfcoregraphicst
ate.code.tex
File: pgfcoregraphicstate.code.tex 2007/12/12  (rcs-revision 1.8)
\pgflinewidth=\dimen148
)
(/usr/local/texlive/2009/texmf-dist/tex/generic/pgf/basiclayer/pgfcoretransform
ations.code.tex
File: pgfcoretransformations.code.tex 2008/02/04  (rcs-revision 1.10)
\pgf@pt@x=\dimen149
\pgf@pt@y=\dimen150
\pgf@pt@temp=\dimen151
)
(/usr/local/texlive/2009/texmf-dist/tex/generic/pgf/basiclayer/pgfcorequick.cod
e.tex
File: pgfcorequick.code.tex 2006/10/11  (rcs-revision 1.2)
)
(/usr/local/texlive/2009/texmf-dist/tex/generic/pgf/basiclayer/pgfcoreobjects.c
ode.tex
File: pgfcoreobjects.code.tex 2006/10/11  (rcs-revision 1.2)
)
(/usr/local/texlive/2009/texmf-dist/tex/generic/pgf/basiclayer/pgfcorepathproce
ssing.code.tex
File: pgfcorepathprocessing.code.tex 2008/01/23  (rcs-revision 1.7)
)
(/usr/local/texlive/2009/texmf-dist/tex/generic/pgf/basiclayer/pgfcorearrows.co
de.tex
File: pgfcorearrows.code.tex 2007/06/07  (rcs-revision 1.8)
)
(/usr/local/texlive/2009/texmf-dist/tex/generic/pgf/basiclayer/pgfcoreshade.cod
e.tex
File: pgfcoreshade.code.tex 2007/12/10  (rcs-revision 1.9)
\pgf@max=\dimen152
\pgf@sys@shading@range@num=\count113
)
(/usr/local/texlive/2009/texmf-dist/tex/generic/pgf/basiclayer/pgfcoreimage.cod
e.tex
File: pgfcoreimage.code.tex 2008/01/15  (rcs-revision 1.1)
\pgfexternal@startupbox=\box38
)
(/usr/local/texlive/2009/texmf-dist/tex/generic/pgf/basiclayer/pgfcorelayers.co
de.tex
File: pgfcorelayers.code.tex 2008/01/15  (rcs-revision 1.1)
)
(/usr/local/texlive/2009/texmf-dist/tex/generic/pgf/basiclayer/pgfcoretranspare
ncy.code.tex
File: pgfcoretransparency.code.tex 2008/01/17  (rcs-revision 1.2)
)
(/usr/local/texlive/2009/texmf-dist/tex/generic/pgf/basiclayer/pgfcorepatterns.
code.tex
File: pgfcorepatterns.code.tex 2008/01/15  (rcs-revision 1.1)
)))
(/usr/local/texlive/2009/texmf-dist/tex/latex/pgf/basiclayer/pgfbaseimage.sty

Package pgf Warning: This package is obsolete and no longer needed on input lin
e 13.

) (/usr/local/texlive/2009/texmf-dist/tex/latex/pgf/utilities/xxcolor.sty
Package: xxcolor 2003/10/24 ver 0.1
\XC@nummixins=\count114
\XC@countmixins=\count115
)
(/usr/local/texlive/2009/texmf-dist/tex/latex/amsfonts/amssymb.sty
Package: amssymb 2009/06/22 v3.00

(/usr/local/texlive/2009/texmf-dist/tex/latex/amsfonts/amsfonts.sty
Package: amsfonts 2009/06/22 v3.00 Basic AMSFonts support
\@emptytoks=\toks19
\symAMSa=\mathgroup4
\symAMSb=\mathgroup5
LaTeX Font Info:    Overwriting math alphabet `\mathfrak' in version `bold'
(Font)                  U/euf/m/n --> U/euf/b/n on input line 96.
))
(/usr/local/texlive/2009/texmf-dist/tex/latex/geometry/geometry.sty
Package: geometry 2008/12/21 v4.2 Page Geometry

(/usr/local/texlive/2009/texmf-dist/tex/generic/oberdiek/ifpdf.sty
Package: ifpdf 2009/04/10 v2.0 Provides the ifpdf switch (HO)
Package ifpdf Info: pdfTeX in pdf mode detected.
)
(/usr/local/texlive/2009/texmf-dist/tex/generic/oberdiek/ifvtex.sty
Package: ifvtex 2008/11/04 v1.4 Switches for detecting VTeX and its modes (HO)
Package ifvtex Info: VTeX not detected.
)
\Gm@cnth=\count116
\Gm@cntv=\count117
\c@Gm@tempcnt=\count118
\Gm@bindingoffset=\dimen153
\Gm@wd@mp=\dimen154
\Gm@odd@mp=\dimen155
\Gm@even@mp=\dimen156
\Gm@dimlist=\toks20

(/usr/local/texlive/2009/texmf-dist/tex/xelatex/xetexconfig/geometry.cfg))
(/usr/local/texlive/2009/texmf-dist/tex/latex/hyperref/hyperref.sty
Package: hyperref 2009/10/09 v6.79a Hypertext links for LaTeX

(/usr/local/texlive/2009/texmf-dist/tex/generic/ifxetex/ifxetex.sty
Package: ifxetex 2009/01/23 v0.5 Provides ifxetex conditional
)
(/usr/local/texlive/2009/texmf-dist/tex/latex/oberdiek/hycolor.sty
Package: hycolor 2009/10/02 v1.5 Code for color options of hyperref/bookmark (H
O)

(/usr/local/texlive/2009/texmf-dist/tex/latex/oberdiek/xcolor-patch.sty
Package: xcolor-patch 2009/10/02 xcolor patch
))
\@linkdim=\dimen157
\Hy@linkcounter=\count119
\Hy@pagecounter=\count120

(/usr/local/texlive/2009/texmf-dist/tex/latex/hyperref/pd1enc.def
File: pd1enc.def 2009/10/09 v6.79a Hyperref: PDFDocEncoding definition (HO)
)
(/usr/local/texlive/2009/texmf-dist/tex/generic/oberdiek/etexcmds.sty
Package: etexcmds 2007/12/12 v1.2 Prefix for e-TeX command names (HO)

(/usr/local/texlive/2009/texmf-dist/tex/generic/oberdiek/infwarerr.sty
Package: infwarerr 2007/09/09 v1.2 Providing info/warning/message (HO)
)
Package etexcmds Info: Could not find \expanded.
(etexcmds)             That can mean that you are not using pdfTeX 1.50 or
(etexcmds)             that some package has redefined \expanded.
(etexcmds)             In the latter case, load this package earlier.
)
(/usr/local/texlive/2009/texmf-dist/tex/latex/latexconfig/hyperref.cfg
File: hyperref.cfg 2002/06/06 v1.2 hyperref configuration of TeXLive
)
(/usr/local/texlive/2009/texmf-dist/tex/latex/oberdiek/kvoptions.sty
Package: kvoptions 2009/08/13 v3.4 Keyval support for LaTeX options (HO)

(/usr/local/texlive/2009/texmf-dist/tex/generic/oberdiek/kvsetkeys.sty
Package: kvsetkeys 2009/07/30 v1.5 Key value parser with default handler suppor
t (HO)
))
Package hyperref Info: Option `bookmarks' set `true' on input line 2864.
Package hyperref Info: Option `bookmarksopen' set `true' on input line 2864.
Package hyperref Info: Option `implicit' set `false' on input line 2864.
Package hyperref Info: Hyper figures OFF on input line 2975.
Package hyperref Info: Link nesting OFF on input line 2980.
Package hyperref Info: Hyper index ON on input line 2983.
Package hyperref Info: Plain pages OFF on input line 2990.
Package hyperref Info: Backreferencing OFF on input line 2995.

Implicit mode OFF; no redefinition of LaTeX internals
Package hyperref Info: Bookmarks ON on input line 3191.
(/usr/local/texlive/2009/texmf-dist/tex/latex/ltxmisc/url.sty
\Urlmuskip=\muskip10
Package: url 2006/04/12  ver 3.3  Verb mode for urls, etc.
)
LaTeX Info: Redefining \url on input line 3428.

(/usr/local/texlive/2009/texmf-dist/tex/generic/oberdiek/bitset.sty
Package: bitset 2007/09/28 v1.0 Data type bit set (HO)

(/usr/local/texlive/2009/texmf-dist/tex/generic/oberdiek/intcalc.sty
Package: intcalc 2007/09/27 v1.1 Expandable integer calculations (HO)
)
(/usr/local/texlive/2009/texmf-dist/tex/generic/oberdiek/bigintcalc.sty
Package: bigintcalc 2007/11/11 v1.1 Expandable big integer calculations (HO)

(/usr/local/texlive/2009/texmf-dist/tex/generic/oberdiek/pdftexcmds.sty
Package: pdftexcmds 2009/09/23 v0.6 LuaTeX support for pdfTeX utility functions
 (HO)

(/usr/local/texlive/2009/texmf-dist/tex/generic/oberdiek/ifluatex.sty
Package: ifluatex 2009/04/17 v1.2 Provides the ifluatex switch (HO)
Package ifluatex Info: LuaTeX not detected.
)
(/usr/local/texlive/2009/texmf-dist/tex/generic/oberdiek/ltxcmds.sty
Package: ltxcmds 2009/08/05 v1.0 Some LaTeX kernel commands for general use (HO
)
)
Package pdftexcmds Info: LuaTeX not detected.
Package pdftexcmds Info: \pdf@primitive is available.
Package pdftexcmds Info: \pdf@ifprimitive is available.
)))
\Fld@menulength=\count121
\Field@Width=\dimen158
\Fld@charsize=\dimen159
\Field@toks=\toks21
Package hyperref Info: Hyper figures OFF on input line 4377.
Package hyperref Info: Link nesting OFF on input line 4382.
Package hyperref Info: Hyper index ON on input line 4385.
Package hyperref Info: backreferencing OFF on input line 4392.
Package hyperref Info: Link coloring OFF on input line 4397.
Package hyperref Info: Link coloring with OCG OFF on input line 4402.
Package hyperref Info: PDF/A mode OFF on input line 4407.

(/usr/local/texlive/2009/texmf-dist/tex/generic/oberdiek/atbegshi.sty
Package: atbegshi 2008/07/31 v1.9 At begin shipout hook (HO)
)

Package hyperref Warning: Option `pdfpagelabels' is turned off
(hyperref)                because \thepage is undefined.

Hyperref stopped early
)
*hyperref using default driver hpdftex*
(/usr/local/texlive/2009/texmf-dist/tex/latex/hyperref/hpdftex.def
File: hpdftex.def 2009/10/09 v6.79a Hyperref driver for pdfTeX
\Fld@listcount=\count122
)
(/usr/local/texlive/2009/texmf-dist/tex/latex/base/size11.clo
File: size11.clo 2007/10/19 v1.4h Standard LaTeX file (size option)
)
(/usr/local/texlive/2009/texmf-dist/tex/latex/beamer/beamerbasecompatibility.st
y
Package: beamerbasecompatibility 2007/01/28  (rcs-revision 1.63)
) (/usr/local/texlive/2009/texmf-dist/tex/latex/beamer/beamerbasefont.sty
Package: beamerbasefont 2007/01/28  (rcs-revision 1.16)
)
(/usr/local/texlive/2009/texmf-dist/tex/latex/beamer/beamerbasemisc.sty
Package: beamerbasemisc 2007/01/28  (rcs-revision 1.24)
)
(/usr/local/texlive/2009/texmf-dist/tex/latex/beamer/beamerbasetwoscreens.sty
Package: beamerbasetwoscreens 2009/06/14  (rcs-revision 1.71)
)
(/usr/local/texlive/2009/texmf-dist/tex/latex/beamer/beamerbaseoverlay.sty
Package: beamerbaseoverlay 2007/01/28  (rcs-revision 1.50)
\beamer@argscount=\count123
\beamer@lastskipcover=\skip42
\beamer@trivlistdepth=\count124
)
(/usr/local/texlive/2009/texmf-dist/tex/latex/beamer/beamerbasetitle.sty
Package: beamerbasetitle 2007/01/28  (rcs-revision 1.25)
)
(/usr/local/texlive/2009/texmf-dist/tex/latex/beamer/beamerbasesection.sty
Package: beamerbasesection 2007/01/28  (rcs-revision 1.21)
\c@lecture=\count125
\c@part=\count126
\c@section=\count127
\c@subsection=\count128
\c@subsubsection=\count129
)
(/usr/local/texlive/2009/texmf-dist/tex/latex/beamer/beamerbaseframe.sty
Package: beamerbaseframe 2007/01/28  (rcs-revision 1.60)
\beamer@framebox=\box39
\beamer@frametitlebox=\box40
\beamer@zoombox=\box41
\beamer@zoomcount=\count130
\beamer@zoomframecount=\count131
\beamer@frametextheight=\dimen160
\c@subsectionslide=\count132
\beamer@frametopskip=\skip43
\beamer@framebottomskip=\skip44
\beamer@frametopskipautobreak=\skip45
\beamer@framebottomskipautobreak=\skip46
\beamer@envbody=\toks22
\c@framenumber=\count133
)
(/usr/local/texlive/2009/texmf-dist/tex/latex/beamer/beamerbaseverbatim.sty
Package: beamerbaseverbatim 2007/01/28  (rcs-revision 1.8)
\beamer@verbatimfileout=\write3
)
(/usr/local/texlive/2009/texmf-dist/tex/latex/beamer/beamerbaseframesize.sty
Package: beamerbaseframesize 2007/01/28  (rcs-revision 1.18)
\beamer@splitbox=\box42
\beamer@autobreakcount=\count134
\beamer@autobreaklastheight=\dimen161
\beamer@frametitletoks=\toks23
\beamer@framesubtitletoks=\toks24
)
(/usr/local/texlive/2009/texmf-dist/tex/latex/beamer/beamerbaseframecomponents.
sty
Package: beamerbaseframecomponents 2007/01/28  (rcs-revision 1.41)
\beamer@footins=\box43
) (/usr/local/texlive/2009/texmf-dist/tex/latex/beamer/beamerbasecolor.sty
Package: beamerbasecolor 2007/01/28  (rcs-revision 1.42)
)
(/usr/local/texlive/2009/texmf-dist/tex/latex/beamer/beamerbasenotes.sty
Package: beamerbasenotes 2007/01/28  (rcs-revision 1.23)
\beamer@frameboxcopy=\box44
)
(/usr/local/texlive/2009/texmf-dist/tex/latex/beamer/beamerbasetoc.sty
Package: beamerbasetoc 2007/01/28  (rcs-revision 1.21)
)
(/usr/local/texlive/2009/texmf-dist/tex/latex/beamer/beamerbasetemplates.sty
Package: beamerbasetemplates 2007/01/28  (rcs-revision 1.51)
\beamer@sbttoks=\toks25

(/usr/local/texlive/2009/texmf-dist/tex/latex/beamer/beamerbaseauxtemplates.sty
Package: beamerbaseauxtemplates 2007/01/28  (rcs-revision 1.28)
(/usr/local/texlive/2009/texmf-dist/tex/latex/beamer/beamerbaseboxes.sty
Package: beamerbaseboxes 2007/03/11  (rcs-revision 1.32)
\bmb@box=\box45
\bmb@colorbox=\box46
\bmb@boxshadow=\box47
\bmb@boxshadowball=\box48
\bmb@boxshadowballlarge=\box49
\bmb@temp=\dimen162
\bmb@dima=\dimen163
\bmb@dimb=\dimen164
\bmb@prevheight=\dimen165
)
\beamer@blockheadheight=\dimen166
))
(/usr/local/texlive/2009/texmf-dist/tex/latex/beamer/beamerbaselocalstructure.s
ty
Package: beamerbaselocalstructure 2007/01/28  (rcs-revision 1.53)
 (/usr/local/texlive/2009/texmf-dist/tex/latex/tools/enumerate.sty
Package: enumerate 1999/03/05 v3.00 enumerate extensions (DPC)
\@enLab=\toks26
)
\c@figure=\count135
\c@table=\count136
\abovecaptionskip=\skip47
\belowcaptionskip=\skip48
)
(/usr/local/texlive/2009/texmf-dist/tex/latex/beamer/beamerbasenavigation.sty
Package: beamerbasenavigation 2007/01/28  (rcs-revision 1.36)
)
(/usr/local/texlive/2009/texmf-dist/tex/latex/beamer/beamerbasetheorems.sty
Package: beamerbasetheorems 2007/01/28  (rcs-revision 1.10)

(/usr/local/texlive/2009/texmf-dist/tex/latex/translator/translator.sty
Package: translator 2007/03/11 ver 1.00

(/usr/local/texlive/2009/texmf-dist/tex/latex/translator/translator-language-ma
ppings.tex)) (/usr/local/texlive/2009/texmf-dist/tex/latex/amsmath/amsmath.sty
Package: amsmath 2000/07/18 v2.13 AMS math features
\@mathmargin=\skip49

For additional information on amsmath, use the `?' option.
(/usr/local/texlive/2009/texmf-dist/tex/latex/amsmath/amstext.sty
Package: amstext 2000/06/29 v2.01

(/usr/local/texlive/2009/texmf-dist/tex/latex/amsmath/amsgen.sty
File: amsgen.sty 1999/11/30 v2.0
\@emptytoks=\toks27
\ex@=\dimen167
))
(/usr/local/texlive/2009/texmf-dist/tex/latex/amsmath/amsbsy.sty
Package: amsbsy 1999/11/29 v1.2d
\pmbraise@=\dimen168
)
(/usr/local/texlive/2009/texmf-dist/tex/latex/amsmath/amsopn.sty
Package: amsopn 1999/12/14 v2.01 operator names
)
\inf@bad=\count137
LaTeX Info: Redefining \frac on input line 211.
\uproot@=\count138
\leftroot@=\count139
LaTeX Info: Redefining \overline on input line 307.
\classnum@=\count140
\DOTSCASE@=\count141
LaTeX Info: Redefining \ldots on input line 379.
LaTeX Info: Redefining \dots on input line 382.
LaTeX Info: Redefining \cdots on input line 467.
\Mathstrutbox@=\box50
\strutbox@=\box51
\big@size=\dimen169
LaTeX Font Info:    Redeclaring font encoding OML on input line 567.
LaTeX Font Info:    Redeclaring font encoding OMS on input line 568.
\macc@depth=\count142
\c@MaxMatrixCols=\count143
\dotsspace@=\muskip11
\c@parentequation=\count144
\dspbrk@lvl=\count145
\tag@help=\toks28
\row@=\count146
\column@=\count147
\maxfields@=\count148
\andhelp@=\toks29
\eqnshift@=\dimen170
\alignsep@=\dimen171
\tagshift@=\dimen172
\tagwidth@=\dimen173
\totwidth@=\dimen174
\lineht@=\dimen175
\@envbody=\toks30
\multlinegap=\skip50
\multlinetaggap=\skip51
\mathdisplay@stack=\toks31
LaTeX Info: Redefining \[ on input line 2666.
LaTeX Info: Redefining \] on input line 2667.
)
(/usr/local/texlive/2009/texmf-dist/tex/latex/amscls/amsthm.sty
Package: amsthm 2004/08/06 v2.20
\thm@style=\toks32
\thm@bodyfont=\toks33
\thm@headfont=\toks34
\thm@notefont=\toks35
\thm@headpunct=\toks36
\thm@preskip=\skip52
\thm@postskip=\skip53
\thm@headsep=\skip54
\dth@everypar=\toks37
)
\c@theorem=\count149
)
(/usr/local/texlive/2009/texmf-dist/tex/latex/beamer/beamerbasethemes.sty
Package: beamerbasethemes 2007/01/28  (rcs-revision 1.10)
)
(/usr/local/texlive/2009/texmf-dist/tex/latex/beamer/themes/theme/beamerthemede
fault.sty
Package: beamerthemedefault 2007/01/28  (rcs-revision 1.7)

(/usr/local/texlive/2009/texmf-dist/tex/latex/beamer/themes/font/beamerfontthem
edefault.sty
Package: beamerfontthemedefault 2007/01/28  (rcs-revision 1.13)
)
(/usr/local/texlive/2009/texmf-dist/tex/latex/beamer/themes/color/beamercolorth
emedefault.sty
Package: beamercolorthemedefault 2007/01/28  (rcs-revision 1.28)
)
(/usr/local/texlive/2009/texmf-dist/tex/latex/beamer/themes/inner/beamerinnerth
emedefault.sty
Package: beamerinnerthemedefault 2007/01/28  (rcs-revision 1.20)
\beamer@dima=\dimen176
\beamer@dimb=\dimen177
)
(/usr/local/texlive/2009/texmf-dist/tex/latex/beamer/themes/outer/beamerouterth
emedefault.sty
Package: beamerouterthemedefault 2007/01/28  (rcs-revision 1.14)
)))
(/usr/local/texlive/2009/texmf-dist/tex/latex/oberdiek/epstopdf.sty
Package: epstopdf 2009/10/17 v2.4 Conversion with epstopdf on the fly (HO)

(/usr/local/texlive/2009/texmf-dist/tex/latex/oberdiek/epstopdf-base.sty
Package: epstopdf-base 2009/10/17 v2.4 Base part for package epstopdf

(/usr/local/texlive/2009/texmf-dist/tex/latex/oberdiek/grfext.sty
Package: grfext 2007/09/30 v1.0 Managing graphics extensions (HO)
)
Package grfext Info: Graphics extension search list:
(grfext)             [.png,.pdf,.jpg,.mps,.jpeg,.jbig2,.jb2,.PNG,.PDF,.JPG,.JPE
G,.JBIG2,.JB2,.eps]
(grfext)             \AppendGraphicsExtensions on input line 433.

(/usr/local/texlive/2009/texmf-dist/tex/latex/latexconfig/epstopdf-sys.cfg
File: epstopdf-sys.cfg 2009/10/26 v1.1 Configuration of epstopdf for TeX Live
)))
(/usr/local/texlive/2009/texmf-dist/tex/latex/tools/verbatim.sty
Package: verbatim 2003/08/22 v1.5q LaTeX2e package for verbatim enhancements
\every@verbatim=\toks38
\verbatim@line=\toks39
\verbatim@in@stream=\read1
)
Package hyperref Info: Option `colorlinks' set `true' on input line 7.

(/usr/local/texlive/2009/texmf-dist/tex/latex/pgfplots/pgfplots.sty
Package: pgfplots 2009/02/14 Version 1.2.2

(/usr/local/texlive/2009/texmf-dist/tex/latex/pgf/frontendlayer/tikz.sty
(/usr/local/texlive/2009/texmf-dist/tex/latex/pgf/basiclayer/pgf.sty
Package: pgf 2008/01/15 v2.00 (rcs-revision 1.12)

(/usr/local/texlive/2009/texmf-dist/tex/generic/pgf/modules/pgfmoduleshapes.cod
e.tex
File: pgfmoduleshapes.code.tex 2008/02/13  (rcs-revision 1.4)
\pgfnodeparttextbox=\box52
\toks@savedmacro=\toks40
)
(/usr/local/texlive/2009/texmf-dist/tex/generic/pgf/modules/pgfmoduleplot.code.
tex
File: pgfmoduleplot.code.tex 2008/01/15  (rcs-revision 1.1)
\pgf@plotwrite=\write4
)
(/usr/local/texlive/2009/texmf-dist/tex/latex/pgf/compatibility/pgfcomp-version
-0-65.sty
Package: pgfcomp-version-0-65 2007/07/03 v2.00 (rcs-revision 1.7)
\pgf@nodesepstart=\dimen178
\pgf@nodesepend=\dimen179
)
(/usr/local/texlive/2009/texmf-dist/tex/latex/pgf/compatibility/pgfcomp-version
-1-18.sty
Package: pgfcomp-version-1-18 2007/07/23 v2.00 (rcs-revision 1.1)
))
(/usr/local/texlive/2009/texmf-dist/tex/latex/pgf/utilities/pgffor.sty
(/usr/local/texlive/2009/texmf-dist/tex/generic/pgf/utilities/pgffor.code.tex
Package: pgffor 2007/11/07 v2.00 (rcs-revision 1.8)
\pgffor@iter=\dimen180
\pgffor@skip=\dimen181
))
(/usr/local/texlive/2009/texmf-dist/tex/generic/pgf/frontendlayer/tikz/tikz.cod
e.tex
Package: tikz 2008/02/13 v2.00 (rcs-revision 1.27)

(/usr/local/texlive/2009/texmf-dist/tex/generic/pgf/libraries/pgflibraryplothan
dlers.code.tex
File: pgflibraryplothandlers.code.tex 2007/03/09 v2.00 (rcs-revision 1.9)
\pgf@plot@mark@count=\count150
\pgfplotmarksize=\dimen182
)
\tikz@lastx=\dimen183
\tikz@lasty=\dimen184
\tikz@lastxsaved=\dimen185
\tikz@lastysaved=\dimen186
\tikzleveldistance=\dimen187
\tikzsiblingdistance=\dimen188
\tikz@figbox=\box53
\tikz@tempbox=\box54
\tikztreelevel=\count151
\tikznumberofchildren=\count152
\tikznumberofcurrentchild=\count153
\tikz@fig@count=\count154

(/usr/local/texlive/2009/texmf-dist/tex/generic/pgf/modules/pgfmodulematrix.cod
e.tex
File: pgfmodulematrix.code.tex 2008/01/15  (rcs-revision 1.1)
\pgfmatrixcurrentrow=\count155
\pgfmatrixcurrentcolumn=\count156
\pgf@matrix@numberofcolumns=\count157
)
\tikz@expandcount=\count158

(/usr/local/texlive/2009/texmf-dist/tex/generic/pgf/frontendlayer/tikz/librarie
s/tikzlibrarytopaths.code.tex
File: tikzlibrarytopaths.code.tex 2008/01/09 v2.00 (rcs-revision 1.1)
)))
(/usr/local/texlive/2009/texmf-dist/tex/generic/pgfplots/pgfplots.code.tex
(/usr/local/texlive/2009/texmf-dist/tex/generic/pgfplots/pgfplotscore.code.tex
\t@pgfplots@toka=\toks41
\t@pgfplots@tokb=\toks42
\t@pgfplots@tokc=\toks43
\pgfplots@tmpa=\dimen189
)
(/usr/local/texlive/2009/texmf-dist/tex/generic/pgfplots/oldpgfcompatib/pgfplot
soldpgfsupp_loader.code.tex
Package pgfplots: loading complementary code for your PGF version...

(/usr/local/texlive/2009/texmf-dist/tex/generic/pgfplots/oldpgfcompatib/pgfplot
soldpgfsupp_misc.code.tex)
(/usr/local/texlive/2009/texmf-dist/tex/generic/pgfplots/oldpgfcompatib/pgfplot
soldpgfsupp_pgfkeysfiltered.code.tex
\pgfkeys@tmptoks=\toks44
)
(/usr/local/texlive/2009/texmf-dist/tex/generic/pgfplots/oldpgfcompatib/pgfplot
soldpgfsupp_pgfmathfloat.code.tex
\c@pgfmathroundto@lastzeros=\count159
)
(/usr/local/texlive/2009/texmf-dist/tex/generic/pgfplots/oldpgfcompatib/pgfplot
soldpgfsupp_pgflibraryplothandlers.code.tex
File: pgfplotsoldpgfsupp_pgflibraryplothandlers.code.tex 2009/02/13 v2.00 (rcs-
revision 1.7)
\pgf@plot@mark@count=\count160
\pgfplotmarksize=\dimen190
)
Package pgfplots: loading FPU library which doesn't appear to exist in your PGF
 version...

(/usr/local/texlive/2009/texmf-dist/tex/generic/pgfplots/oldpgfcompatib/pgfplot
soldpgfsupp_pgflibraryfpu.code.tex))
(/usr/local/texlive/2009/texmf-dist/tex/generic/pgfplots/util/pgfplotsutil.code
.tex
(/usr/local/texlive/2009/texmf-dist/tex/generic/pgfplots/liststructure/pgfplots
liststructure.code.tex)
(/usr/local/texlive/2009/texmf-dist/tex/generic/pgfplots/liststructure/pgfplots
liststructureext.code.tex)
(/usr/local/texlive/2009/texmf-dist/tex/generic/pgfplots/liststructure/pgfplots
array.code.tex
\c@pgfplotsarray@tmp=\count161
)
(/usr/local/texlive/2009/texmf-dist/tex/generic/pgfplots/numtable/pgfplotstable
.code.tex
\c@pgfplotstable@counta=\count162
\pgfplotstable@outfile=\write5

(/usr/local/texlive/2009/texmf-dist/tex/generic/pgfplots/numtable/pgfplotstable
.coltype.code.tex)))
(/usr/local/texlive/2009/texmf-dist/tex/generic/pgfplots/util/pgfplotscolormap.
code.tex)
(/usr/local/texlive/2009/texmf-dist/tex/generic/pgfplots/pgfplots.stackedplots.
code.tex)
(/usr/local/texlive/2009/texmf-dist/tex/generic/pgfplots/pgfplotscoordprocessin
g.code.tex)
(/usr/local/texlive/2009/texmf-dist/tex/generic/pgfplots/pgfplotsticks.code.tex
)
(/usr/local/texlive/2009/texmf-dist/tex/generic/pgf/frontendlayer/tikz/librarie
s/tikzlibrarydecorations.code.tex
(/usr/local/texlive/2009/texmf-dist/tex/generic/pgf/modules/pgfmoduledecoration
s.code.tex
\pgfdecoratedcompleteddistance=\dimen191
\pgfdecoratedremainingdistance=\dimen192
\pgfdecoratedinputsegmentcompleteddistance=\dimen193
\pgfdecoratedinputsegmentremainingdistance=\dimen194
\pgf@decorate@distancetomove=\dimen195
\pgf@decorate@repeatstate=\count163
\pgfdecorationsegmentamplitude=\dimen196
\pgfdecorationsegmentlength=\dimen197
))
(/usr/local/texlive/2009/texmf-dist/tex/generic/pgf/frontendlayer/tikz/librarie
s/tikzlibrarydecorations.pathmorphing.code.tex
(/usr/local/texlive/2009/texmf-dist/tex/generic/pgf/libraries/pgflibrarydecorat
ions.pathmorphing.code.tex))
(/usr/local/texlive/2009/texmf-dist/tex/generic/pgf/frontendlayer/tikz/librarie
s/tikzlibrarydecorations.pathreplacing.code.tex
(/usr/local/texlive/2009/texmf-dist/tex/generic/pgf/libraries/pgflibrarydecorat
ions.pathreplacing.code.tex))
\pgfplots@numplots=\count164
\pgfplots@xmin@reg=\dimen198
\pgfplots@xmax@reg=\dimen199
\pgfplots@ymin@reg=\dimen200
\pgfplots@ymax@reg=\dimen201
\pgfplots@zmin@reg=\dimen202
\pgfplots@zmax@reg=\dimen203
)
(/usr/local/texlive/2009/texmf-dist/tex/generic/pgf/frontendlayer/tikz/librarie
s/tikzlibraryplotmarks.code.tex
File: tikzlibraryplotmarks.code.tex 2008/01/09 v2.00 (rcs-revision 1.1)

(/usr/local/texlive/2009/texmf-dist/tex/generic/pgf/libraries/pgflibraryplotmar
ks.code.tex
File: pgflibraryplotmarks.code.tex 2007/03/09 v2.00 (rcs-revision 1.5)
)))
(/usr/local/texlive/2009/texmf-dist/tex/generic/pgf/frontendlayer/tikz/librarie
s/tikzlibraryarrows.code.tex
File: tikzlibraryarrows.code.tex 2008/01/09 v2.00 (rcs-revision 1.1)

(/usr/local/texlive/2009/texmf-dist/tex/generic/pgf/libraries/pgflibraryarrows.
code.tex
File: pgflibraryarrows.code.tex 2007/06/07 v2.00 (rcs-revision 1.7)
))
(/usr/local/texlive/2009/texmf-dist/tex/generic/pgf/frontendlayer/tikz/librarie
s/tikzlibraryshapes.code.tex
File: tikzlibraryshapes.code.tex 2008/01/09 v2.00 (rcs-revision 1.1)

(/usr/local/texlive/2009/texmf-dist/tex/generic/pgf/frontendlayer/tikz/librarie
s/tikzlibraryshapes.geometric.code.tex
File: tikzlibraryshapes.geometric.code.tex 2008/01/09 v2.00 (rcs-revision 1.1)

(/usr/local/texlive/2009/texmf-dist/tex/generic/pgf/libraries/pgflibraryshapes.
geometric.code.tex
File: pgflibraryshapes.geometric.code.tex 2008/02/01 v2.00 (rcs-revision 1.22)
))
(/usr/local/texlive/2009/texmf-dist/tex/generic/pgf/frontendlayer/tikz/librarie
s/tikzlibraryshapes.misc.code.tex
File: tikzlibraryshapes.misc.code.tex 2008/01/09 v2.00 (rcs-revision 1.1)

(/usr/local/texlive/2009/texmf-dist/tex/generic/pgf/libraries/pgflibraryshapes.
misc.code.tex
File: pgflibraryshapes.misc.code.tex 2008/02/12 v2.00 (rcs-revision 1.10)
))
(/usr/local/texlive/2009/texmf-dist/tex/generic/pgf/frontendlayer/tikz/librarie
s/tikzlibraryshapes.symbols.code.tex
File: tikzlibraryshapes.symbols.code.tex 2008/01/09 v2.00 (rcs-revision 1.1)

(/usr/local/texlive/2009/texmf-dist/tex/generic/pgf/libraries/pgflibraryshapes.
symbols.code.tex
File: pgflibraryshapes.symbols.code.tex 2008/01/30 v2.00 (rcs-revision 1.13)
))
(/usr/local/texlive/2009/texmf-dist/tex/generic/pgf/frontendlayer/tikz/librarie
s/tikzlibraryshapes.arrows.code.tex
File: tikzlibraryshapes.arrows.code.tex 2008/01/09 v2.00 (rcs-revision 1.1)

(/usr/local/texlive/2009/texmf-dist/tex/generic/pgf/libraries/pgflibraryshapes.
arrows.code.tex
File: pgflibraryshapes.arrows.code.tex 2007/11/10 v2.00 (rcs-revision 1.3)
))
(/usr/local/texlive/2009/texmf-dist/tex/generic/pgf/frontendlayer/tikz/librarie
s/tikzlibraryshapes.callouts.code.tex
(/usr/local/texlive/2009/texmf-dist/tex/generic/pgf/libraries/pgflibraryshapes.
callouts.code.tex))
(/usr/local/texlive/2009/texmf-dist/tex/generic/pgf/frontendlayer/tikz/librarie
s/tikzlibraryshapes.multipart.code.tex
File: tikzlibraryshapes.multipart.code.tex 2008/01/09 v2.00 (rcs-revision 1.1)

(/usr/local/texlive/2009/texmf-dist/tex/generic/pgf/libraries/pgflibraryshapes.
multipart.code.tex
File: pgflibraryshapes.multipart.code.tex 2008/01/15 v2.00 (rcs-revision 1.7)
\pgfnodepartlowerbox=\box55
\pgfnodepartsecondbox=\box56
\pgfnodepartthirdbox=\box57
\pgfnodepartfourthbox=\box58
)))
(/usr/local/texlive/2009/texmf-dist/tex/generic/pgf/frontendlayer/tikz/librarie
s/tikzlibrarypositioning.code.tex
File: tikzlibrarypositioning.code.tex 2008/02/12 v2.00 (rcs-revision 1.5)
)
(/usr/local/texlive/2009/texmf-dist/tex/latex/multirow/multirow.sty
\bigstrutjot=\dimen204
)
(/usr/local/texlive/2009/texmf-dist/tex/latex/textpos/textpos.sty
Package: textpos 2009/05/28 v1.7f

Package: `textpos' 1.7f <2009 May 28>
\TP@textbox=\box59
\TPHorizModule=\dimen205
\TPVertModule=\dimen206
\TP@margin=\dimen207
\TP@absmargin=\dimen208
Grid set 16 x 16 = 22.7622pt x 17.07166pt
\TPboxrulesize=\dimen209
\TP@tbargs=\toks45
\TP@prevdepth=\dimen210
)
(/usr/local/texlive/2009/texmf-dist/tex/latex/beamer/themes/theme/beamerthemeCo
penhagen.sty
Package: beamerthemeCopenhagen 2007/01/28  (rcs-revision 1.8)

(/usr/local/texlive/2009/texmf-dist/tex/latex/beamer/themes/outer/beamerouterth
emesplit.sty
Package: beamerouterthemesplit 2007/01/28  (rcs-revision 1.5)
)
(/usr/local/texlive/2009/texmf-dist/tex/latex/beamer/themes/inner/beamerinnerth
emerounded.sty
Package: beamerinnerthemerounded 2007/01/28  (rcs-revision 1.5)
)
(/usr/local/texlive/2009/texmf-dist/tex/latex/beamer/themes/color/beamercolorth
emewhale.sty
Package: beamercolorthemewhale 2007/01/28  (rcs-revision 1.4)
)
(/usr/local/texlive/2009/texmf-dist/tex/latex/beamer/themes/color/beamercolorth
emeorchid.sty
Package: beamercolorthemeorchid 2007/01/28  (rcs-revision 1.3)
))
(/usr/local/texlive/2009/texmf-dist/tex/latex/beamer/themes/color/beamercolorth
emebeaver.sty
Package: beamercolorthemebeaver 2007/01/28  (rcs-revision 1.2)
) (./H_to_fermions_Malone.aux)
\openout1 = `H_to_fermions_Malone.aux'.

LaTeX Font Info:    Checking defaults for OML/cmm/m/it on input line 45.
LaTeX Font Info:    ... okay on input line 45.
LaTeX Font Info:    Checking defaults for T1/cmr/m/n on input line 45.
LaTeX Font Info:    ... okay on input line 45.
LaTeX Font Info:    Checking defaults for OT1/cmr/m/n on input line 45.
LaTeX Font Info:    ... okay on input line 45.
LaTeX Font Info:    Checking defaults for OMS/cmsy/m/n on input line 45.
LaTeX Font Info:    ... okay on input line 45.
LaTeX Font Info:    Checking defaults for OMX/cmex/m/n on input line 45.
LaTeX Font Info:    ... okay on input line 45.
LaTeX Font Info:    Checking defaults for U/cmr/m/n on input line 45.
LaTeX Font Info:    ... okay on input line 45.
LaTeX Font Info:    Checking defaults for PD1/pdf/m/n on input line 45.
LaTeX Font Info:    ... okay on input line 45.

(/usr/local/texlive/2009/texmf-dist/tex/context/base/supp-pdf.mkii
[Loading MPS to PDF converter (version 2006.09.02).]
\scratchcounter=\count165
\scratchdimen=\dimen211
\scratchbox=\box60
\nofMPsegments=\count166
\nofMParguments=\count167
\everyMPshowfont=\toks46
\MPscratchCnt=\count168
\MPscratchDim=\dimen212
\MPnumerator=\count169
\everyMPtoPDFconversion=\toks47
)
*geometry auto-detecting driver*
*geometry detected driver: pdftex*
-------------------- Geometry parameters
paper: user defined
landscape: --
twocolumn: --
twoside: --
asymmetric: --
h-parts: 28.45274pt, 307.28987pt, 28.45274pt
v-parts: 0.0pt, 273.14662pt, 0.0pt
hmarginratio: --
vmarginratio: --
lines: --
heightrounded: --
bindingoffset: 0.0pt
truedimen: --
includehead: true
includefoot: true
includemp: --
driver: pdftex
-------------------- Page layout dimensions and switches
\paperwidth  364.19536pt
\paperheight 273.14662pt
\textwidth  307.28987pt
\textheight 244.6939pt
\oddsidemargin  -43.81725pt
\evensidemargin -43.81725pt
\topmargin  -72.26999pt
\headheight 14.22636pt
\headsep    0.0pt
\footskip   14.22636pt
\marginparwidth 4.0pt
\marginparsep   10.0pt
\columnsep  10.0pt
\skip\footins  10.0pt plus 4.0pt minus 2.0pt
\hoffset 0.0pt
\voffset 0.0pt
\mag 1000

(1in=72.27pt, 1cm=28.45pt)
-----------------------
Package hyperref Info: Link coloring ON on input line 45.
(/usr/local/texlive/2009/texmf-dist/tex/latex/hyperref/nameref.sty
Package: nameref 2007/05/29 v2.31 Cross-referencing by name of section

(/usr/local/texlive/2009/texmf-dist/tex/latex/oberdiek/refcount.sty
Package: refcount 2008/08/11 v3.1 Data extraction from references (HO)
)
\c@section@level=\count170
)
LaTeX Info: Redefining \ref on input line 45.
LaTeX Info: Redefining \pageref on input line 45.

(./H_to_fermions_Malone.out) (./H_to_fermions_Malone.out)
\@outlinefile=\write6
\openout6 = `H_to_fermions_Malone.out'.

\AtBeginShipoutBox=\box61
LaTeX Font Info:    Overwriting symbol font `operators' in version `normal'
(Font)                  OT1/cmr/m/n --> OT1/cmss/m/n on input line 45.
LaTeX Font Info:    Overwriting symbol font `operators' in version `bold'
(Font)                  OT1/cmr/bx/n --> OT1/cmss/bx/n on input line 45.
\symnumbers=\mathgroup6
\sympureletters=\mathgroup7
LaTeX Font Info:    Overwriting math alphabet `\mathrm' in version `normal'
(Font)                  OT1/cmss/m/n --> OT1/cmr/m/n on input line 45.
LaTeX Font Info:    Redeclaring math alphabet \mathbf on input line 45.
LaTeX Font Info:    Overwriting math alphabet `\mathbf' in version `normal'
(Font)                  OT1/cmr/bx/n --> OT1/cmss/bx/n on input line 45.
LaTeX Font Info:    Overwriting math alphabet `\mathbf' in version `bold'
(Font)                  OT1/cmr/bx/n --> OT1/cmss/bx/n on input line 45.
LaTeX Font Info:    Redeclaring math alphabet \mathsf on input line 45.
LaTeX Font Info:    Overwriting math alphabet `\mathsf' in version `normal'
(Font)                  OT1/cmss/m/n --> OT1/cmss/m/n on input line 45.
LaTeX Font Info:    Overwriting math alphabet `\mathsf' in version `bold'
(Font)                  OT1/cmss/bx/n --> OT1/cmss/m/n on input line 45.
LaTeX Font Info:    Redeclaring math alphabet \mathit on input line 45.
LaTeX Font Info:    Overwriting math alphabet `\mathit' in version `normal'
(Font)                  OT1/cmr/m/it --> OT1/cmss/m/it on input line 45.
LaTeX Font Info:    Overwriting math alphabet `\mathit' in version `bold'
(Font)                  OT1/cmr/bx/it --> OT1/cmss/m/it on input line 45.
LaTeX Font Info:    Redeclaring math alphabet \mathtt on input line 45.
LaTeX Font Info:    Overwriting math alphabet `\mathtt' in version `normal'
(Font)                  OT1/cmtt/m/n --> OT1/cmtt/m/n on input line 45.
LaTeX Font Info:    Overwriting math alphabet `\mathtt' in version `bold'
(Font)                  OT1/cmtt/m/n --> OT1/cmtt/m/n on input line 45.
LaTeX Font Info:    Overwriting symbol font `numbers' in version `bold'
(Font)                  OT1/cmss/m/n --> OT1/cmss/bx/n on input line 45.
LaTeX Font Info:    Overwriting symbol font `pureletters' in version `bold'
(Font)                  OT1/cmss/m/it --> OT1/cmss/bx/it on input line 45.
LaTeX Font Info:    Overwriting math alphabet `\mathrm' in version `bold'
(Font)                  OT1/cmss/bx/n --> OT1/cmr/bx/n on input line 45.
LaTeX Font Info:    Overwriting math alphabet `\mathbf' in version `bold'
(Font)                  OT1/cmss/bx/n --> OT1/cmss/bx/n on input line 45.
LaTeX Font Info:    Overwriting math alphabet `\mathsf' in version `bold'
(Font)                  OT1/cmss/m/n --> OT1/cmss/bx/n on input line 45.
LaTeX Font Info:    Overwriting math alphabet `\mathit' in version `bold'
(Font)                  OT1/cmss/m/it --> OT1/cmss/bx/it on input line 45.
LaTeX Font Info:    Overwriting math alphabet `\mathtt' in version `bold'
(Font)                  OT1/cmtt/m/n --> OT1/cmtt/bx/n on input line 45.

(/usr/local/texlive/2009/texmf-dist/tex/latex/translator/translator-theorem-dic
tionary-English.dict
Dictionary: translator-theorem-dictionary, Language: English 
) (./H_to_fermions_Malone.nav)

LaTeX Font Warning: Font shape `OT1/cmss/m/n' in size <4> not available
(Font)              size <5> substituted on input line 47.

[1{/usr/local/texlive/2009/texmf-var/fonts/map/pdftex/updmap/pdftex.map}

]
</Users/caitlinmalone/Documents/ATLAS/slac_logo.pdf, id=24, 401.5pt x 143.53625
pt>
File: /Users/caitlinmalone/Documents/ATLAS/slac_logo.pdf Graphic file (type pdf
)
 <use /Users/caitlinmalone/Documents/ATLAS/slac_logo.pdf> [2

 </Users/caitlinmalone/Documents/ATLAS/slac_logo.pdf>]
LaTeX Font Info:    Try loading font information for U+msa on input line 80.

(/usr/local/texlive/2009/texmf-dist/tex/latex/amsfonts/umsa.fd
File: umsa.fd 2009/06/22 v3.00 AMS symbols A
)
LaTeX Font Info:    Try loading font information for U+msb on input line 80.

(/usr/local/texlive/2009/texmf-dist/tex/latex/amsfonts/umsb.fd
File: umsb.fd 2009/06/22 v3.00 AMS symbols B
)
</Users/caitlinmalone/Documents/ATLAS/HiggsCouplings2013/figures/h_br_sm.pdf, i
d=41, 341.275pt x 341.275pt>
File: /Users/caitlinmalone/Documents/ATLAS/HiggsCouplings2013/figures/h_br_sm.p
df Graphic file (type pdf)

<use /Users/caitlinmalone/Documents/ATLAS/HiggsCouplings2013/figures/h_br_sm.pd
f>
File: /Users/caitlinmalone/Documents/ATLAS/slac_logo.pdf Graphic file (type pdf
)
 <use /Users/caitlinmalone/Documents/ATLAS/slac_logo.pdf>
Overfull \vbox (0.86444pt too high) detected at line 80
 []

[3

 </Users/caitlinmalone/Documents/ATLAS/HiggsCouplings2013/figures/h_br_sm.pdf>]

</Users/caitlinmalone/Documents/ATLAS/HiggsCouplings2013/figures/higgs_feyn_pp.
pdf, id=59, 498.18121pt x 498.18121pt>
File: /Users/caitlinmalone/Documents/ATLAS/HiggsCouplings2013/figures/higgs_fey
n_pp.pdf Graphic file (type pdf)

<use /Users/caitlinmalone/Documents/ATLAS/HiggsCouplings2013/figures/higgs_feyn
_pp.pdf>
File: /Users/caitlinmalone/Documents/ATLAS/slac_logo.pdf Graphic file (type pdf
)
 <use /Users/caitlinmalone/Documents/ATLAS/slac_logo.pdf> [4

 </Users/caitlinmalone/Documents/ATLAS/HiggsCouplings2013/figures/higgs_feyn_pp
.pdf>]
File: /Users/caitlinmalone/Documents/ATLAS/slac_logo.pdf Graphic file (type pdf
)

<use /Users/caitlinmalone/Documents/ATLAS/slac_logo.pdf> [5

]
<figures/tau_decay.pdf, id=83, 395.4775pt x 208.78pt>
File: figures/tau_decay.pdf Graphic file (type pdf)

<use figures/tau_decay.pdf>
File: /Users/caitlinmalone/Documents/ATLAS/slac_logo.pdf Graphic file (type pdf
)

<use /Users/caitlinmalone/Documents/ATLAS/slac_logo.pdf> [6

 <./figures/tau_decay.pdf>] <figures/atlas_logo.pdf, id=102, 1505.625pt x 1806.
75pt>
File: figures/atlas_logo.pdf Graphic file (type pdf)

<use figures/atlas_logo.pdf>
<figures/cms_logo.pdf, id=103, 394.83508pt x 393.6306pt>
File: figures/cms_logo.pdf Graphic file (type pdf)

<use figures/cms_logo.pdf>
File: figures/atlas_logo.pdf Graphic file (type pdf)
 <use figures/atlas_logo.pdf>
File: figures/cms_logo.pdf Graphic file (type pdf)

<use figures/cms_logo.pdf>
File: figures/atlas_logo.pdf Graphic file (type pdf)
 <use figures/atlas_logo.pdf>
File: figures/cms_logo.pdf Graphic file (type pdf)

<use figures/cms_logo.pdf>
File: figures/atlas_logo.pdf Graphic file (type pdf)
 <use figures/atlas_logo.pdf>
File: figures/cms_logo.pdf Graphic file (type pdf)

<use figures/cms_logo.pdf>
File: figures/atlas_logo.pdf Graphic file (type pdf)
 <use figures/atlas_logo.pdf>
File: figures/cms_logo.pdf Graphic file (type pdf)

<use figures/cms_logo.pdf>
File: figures/atlas_logo.pdf Graphic file (type pdf)
 <use figures/atlas_logo.pdf>
File: figures/cms_logo.pdf Graphic file (type pdf)

<use figures/cms_logo.pdf>
File: figures/atlas_logo.pdf Graphic file (type pdf)
 <use figures/atlas_logo.pdf>
File: figures/cms_logo.pdf Graphic file (type pdf)

<use figures/cms_logo.pdf>
File: figures/atlas_logo.pdf Graphic file (type pdf)
 <use figures/atlas_logo.pdf>
File: figures/cms_logo.pdf Graphic file (type pdf)

<use figures/cms_logo.pdf>
File: figures/atlas_logo.pdf Graphic file (type pdf)
 <use figures/atlas_logo.pdf>
File: figures/cms_logo.pdf Graphic file (type pdf)

<use figures/cms_logo.pdf>
File: figures/atlas_logo.pdf Graphic file (type pdf)
 <use figures/atlas_logo.pdf>
File: figures/atlas_logo.pdf Graphic file (type pdf)

<use figures/atlas_logo.pdf>
File: figures/cms_logo.pdf Graphic file (type pdf)
 <use figures/cms_logo.pdf>
File: figures/atlas_logo.pdf Graphic file (type pdf)

<use figures/atlas_logo.pdf>
File: figures/cms_logo.pdf Graphic file (type pdf)
 <use figures/cms_logo.pdf>
File: figures/atlas_logo.pdf Graphic file (type pdf)

<use figures/atlas_logo.pdf>
File: figures/cms_logo.pdf Graphic file (type pdf)
 <use figures/cms_logo.pdf>
File: figures/atlas_logo.pdf Graphic file (type pdf)

<use figures/atlas_logo.pdf>
File: figures/cms_logo.pdf Graphic file (type pdf)
 <use figures/cms_logo.pdf>
File: figures/atlas_logo.pdf Graphic file (type pdf)

<use figures/atlas_logo.pdf>
File: figures/atlas_logo.pdf Graphic file (type pdf)
 <use figures/atlas_logo.pdf>
File: figures/atlas_logo.pdf Graphic file (type pdf)

<use figures/atlas_logo.pdf>
File: figures/cms_logo.pdf Graphic file (type pdf)
 <use figures/cms_logo.pdf>
File: figures/atlas_logo.pdf Graphic file (type pdf)

<use figures/atlas_logo.pdf>
File: figures/cms_logo.pdf Graphic file (type pdf)
 <use figures/cms_logo.pdf>
File: figures/atlas_logo.pdf Graphic file (type pdf)

<use figures/atlas_logo.pdf>
File: figures/atlas_logo.pdf Graphic file (type pdf)
 <use figures/atlas_logo.pdf>
File: figures/atlas_logo.pdf Graphic file (type pdf)

<use figures/atlas_logo.pdf>
File: figures/atlas_logo.pdf Graphic file (type pdf)
 <use figures/atlas_logo.pdf>
File: figures/atlas_logo.pdf Graphic file (type pdf)

<use figures/atlas_logo.pdf>
File: figures/atlas_logo.pdf Graphic file (type pdf)
 <use figures/atlas_logo.pdf>
File: figures/cms_logo.pdf Graphic file (type pdf)

<use figures/cms_logo.pdf>
File: figures/atlas_logo.pdf Graphic file (type pdf)
 <use figures/atlas_logo.pdf>
File: figures/cms_logo.pdf Graphic file (type pdf)

<use figures/cms_logo.pdf>
File: figures/cms_logo.pdf Graphic file (type pdf)
 <use figures/cms_logo.pdf>
File: figures/cms_logo.pdf Graphic file (type pdf)

<use figures/cms_logo.pdf>
File: /Users/caitlinmalone/Documents/ATLAS/slac_logo.pdf Graphic file (type pdf
)

<use /Users/caitlinmalone/Documents/ATLAS/slac_logo.pdf> [7

 <./figures/atlas_logo.pdf> <./figures/cms_logo.pdf>]
</Users/caitlinmalone/Documents/ATLAS/HiggsCouplings2013/figures/cms_htautau_co
llinear_diagram.pdf, id=131, 414.54875pt x 319.1925pt>
File: /Users/caitlinmalone/Documents/ATLAS/HiggsCouplings2013/figures/cms_htaut
au_collinear_diagram.pdf Graphic file (type pdf)

<use /Users/caitlinmalone/Documents/ATLAS/HiggsCouplings2013/figures/cms_htauta
u_collinear_diagram.pdf>
</Users/caitlinmalone/Documents/ATLAS/HiggsCouplings2013/figures/atlas_htautau_
embedding_before.pdf, id=132, 569.12625pt x 546.04pt>
File: /Users/caitlinmalone/Documents/ATLAS/HiggsCouplings2013/figures/atlas_hta
utau_embedding_before.pdf Graphic file (type pdf)

<use /Users/caitlinmalone/Documents/ATLAS/HiggsCouplings2013/figures/atlas_htau
tau_embedding_before.pdf>
</Users/caitlinmalone/Documents/ATLAS/HiggsCouplings2013/figures/atlas_htautau_
embedding_after.pdf, id=133, 569.12625pt x 546.04pt>
File: /Users/caitlinmalone/Documents/ATLAS/HiggsCouplings2013/figures/atlas_hta
utau_embedding_after.pdf Graphic file (type pdf)

<use /Users/caitlinmalone/Documents/ATLAS/HiggsCouplings2013/figures/atlas_htau
tau_embedding_after.pdf>
File: /Users/caitlinmalone/Documents/ATLAS/slac_logo.pdf Graphic file (type pdf
)

<use /Users/caitlinmalone/Documents/ATLAS/slac_logo.pdf> [8

 </Users/caitlinmalone/Documents/ATLAS/HiggsCouplings2013/figures/cms_htautau_c
ollinear_diagram.pdf> </Users/caitlinmalone/Documents/ATLAS/HiggsCouplings2013/
figures/atlas_htautau_embedding_before.pdf> </Users/caitlinmalone/Documents/ATL
AS/HiggsCouplings2013/figures/atlas_htautau_embedding_after.pdf>]
</Users/caitlinmalone/Documents/ATLAS/HiggsCouplings2013/figures/cms_htautau_ma
ss_before.pdf, id=330, 569.12625pt x 552.0625pt>
File: /Users/caitlinmalone/Documents/ATLAS/HiggsCouplings2013/figures/cms_htaut
au_mass_before.pdf Graphic file (type pdf)

<use /Users/caitlinmalone/Documents/ATLAS/HiggsCouplings2013/figures/cms_htauta
u_mass_before.pdf>
</Users/caitlinmalone/Documents/ATLAS/HiggsCouplings2013/figures/cms_htautau_ma
ss_after.pdf, id=331, 569.12625pt x 552.0625pt>
File: /Users/caitlinmalone/Documents/ATLAS/HiggsCouplings2013/figures/cms_htaut
au_mass_after.pdf Graphic file (type pdf)

<use /Users/caitlinmalone/Documents/ATLAS/HiggsCouplings2013/figures/cms_htauta
u_mass_after.pdf>
File: /Users/caitlinmalone/Documents/ATLAS/slac_logo.pdf Graphic file (type pdf
)
 <use /Users/caitlinmalone/Documents/ATLAS/slac_logo.pdf>
Overfull \vbox (3.52698pt too high) detected at line 294
 []

[9

 </Users/caitlinmalone/Documents/ATLAS/HiggsCouplings2013/figures/cms_htautau_m
ass_before.pdf, page is rotated 90 degrees> </Users/caitlinmalone/Documents/ATL
AS/HiggsCouplings2013/figures/cms_htautau_mass_after.pdf, page is rotated 90 de
grees>]
</Users/caitlinmalone/Documents/ATLAS/HiggsCouplings2013/figures/cms_htautau_br
azil.pdf, id=424, 569.12625pt x 546.04pt>
File: /Users/caitlinmalone/Documents/ATLAS/HiggsCouplings2013/figures/cms_htaut
au_brazil.pdf Graphic file (type pdf)

<use /Users/caitlinmalone/Documents/ATLAS/HiggsCouplings2013/figures/cms_htauta
u_brazil.pdf>
</Users/caitlinmalone/Documents/ATLAS/HiggsCouplings2013/figures/cms_htautau_p_
value.pdf, id=425, 569.12625pt x 546.04pt>
File: /Users/caitlinmalone/Documents/ATLAS/HiggsCouplings2013/figures/cms_htaut
au_p_value.pdf Graphic file (type pdf)

<use /Users/caitlinmalone/Documents/ATLAS/HiggsCouplings2013/figures/cms_htauta
u_p_value.pdf>
File: /Users/caitlinmalone/Documents/ATLAS/slac_logo.pdf Graphic file (type pdf
)
 <use /Users/caitlinmalone/Documents/ATLAS/slac_logo.pdf>
[10

 </Users/caitlinmalone/Documents/ATLAS/HiggsCouplings2013/figures/cms_htautau_b
razil.pdf, page is rotated 90 degrees> </Users/caitlinmalone/Documents/ATLAS/Hi
ggsCouplings2013/figures/cms_htautau_p_value.pdf, page is rotated 90 degrees>]
</Users/caitlinmalone/Documents/ATLAS/HiggsCouplings2013/figures/cms_tthtautau_
brazil.pdf, id=518, 569.12625pt x 408.52625pt>
File: /Users/caitlinmalone/Documents/ATLAS/HiggsCouplings2013/figures/cms_tthta
utau_brazil.pdf Graphic file (type pdf)

<use /Users/caitlinmalone/Documents/ATLAS/HiggsCouplings2013/figures/cms_tthtau
tau_brazil.pdf>
Overfull \hbox (39.94682pt too wide) in paragraph at lines 338--338
[]  
 []


</Users/caitlinmalone/Documents/ATLAS/HiggsCouplings2013/figures/cms_vhtautau_b
razil.pdf, id=519, 537.00626pt x 532.99126pt>
File: /Users/caitlinmalone/Documents/ATLAS/HiggsCouplings2013/figures/cms_vhtau
tau_brazil.pdf Graphic file (type pdf)

<use /Users/caitlinmalone/Documents/ATLAS/HiggsCouplings2013/figures/cms_vhtaut
au_brazil.pdf>
File: /Users/caitlinmalone/Documents/ATLAS/slac_logo.pdf Graphic file (type pdf
)
 <use /Users/caitlinmalone/Documents/ATLAS/slac_logo.pdf>
[11

 </Users/caitlinmalone/Documents/ATLAS/HiggsCouplings2013/figures/cms_tthtautau
_brazil.pdf, page is rotated 90 degrees> </Users/caitlinmalone/Documents/ATLAS/
HiggsCouplings2013/figures/cms_vhtautau_brazil.pdf>]
</Users/caitlinmalone/Documents/ATLAS/HiggsCouplings2013/figures/atlas_htautau_
brazil.pdf, id=583, 569.12625pt x 546.04pt>
File: /Users/caitlinmalone/Documents/ATLAS/HiggsCouplings2013/figures/atlas_hta
utau_brazil.pdf Graphic file (type pdf)

<use /Users/caitlinmalone/Documents/ATLAS/HiggsCouplings2013/figures/atlas_htau
tau_brazil.pdf>
</Users/caitlinmalone/Documents/ATLAS/HiggsCouplings2013/figures/atlas_htautau_
p_value.pdf, id=584, 569.12625pt x 541.02126pt>
File: /Users/caitlinmalone/Documents/ATLAS/HiggsCouplings2013/figures/atlas_hta
utau_p_value.pdf Graphic file (type pdf)

<use /Users/caitlinmalone/Documents/ATLAS/HiggsCouplings2013/figures/atlas_htau
tau_p_value.pdf>
File: /Users/caitlinmalone/Documents/ATLAS/slac_logo.pdf Graphic file (type pdf
)
 <use /Users/caitlinmalone/Documents/ATLAS/slac_logo.pdf>
[12

 </Users/caitlinmalone/Documents/ATLAS/HiggsCouplings2013/figures/atlas_htautau
_brazil.pdf> </Users/caitlinmalone/Documents/ATLAS/HiggsCouplings2013/figures/a
tlas_htautau_p_value.pdf>] [13

]
File: /Users/caitlinmalone/Documents/ATLAS/slac_logo.pdf Graphic file (type pdf
)

<use /Users/caitlinmalone/Documents/ATLAS/slac_logo.pdf> [14

]
</Users/caitlinmalone/Documents/ATLAS/HiggsCouplings2013/figures/cms_vbfhbb_ann
_output.pdf, id=679, 569.12625pt x 363.3575pt>
File: /Users/caitlinmalone/Documents/ATLAS/HiggsCouplings2013/figures/cms_vbfhb
b_ann_output.pdf Graphic file (type pdf)

<use /Users/caitlinmalone/Documents/ATLAS/HiggsCouplings2013/figures/cms_vbfhbb
_ann_output.pdf>
Overfull \hbox (10.14124pt too wide) in paragraph at lines 414--414
[]  
 []


</Users/caitlinmalone/Documents/ATLAS/HiggsCouplings2013/figures/cms_vbfhbb_ann
_categories.pdf, id=680, 569.12625pt x 363.3575pt>
File: /Users/caitlinmalone/Documents/ATLAS/HiggsCouplings2013/figures/cms_vbfhb
b_ann_categories.pdf Graphic file (type pdf)

<use /Users/caitlinmalone/Documents/ATLAS/HiggsCouplings2013/figures/cms_vbfhbb
_ann_categories.pdf>
Overfull \hbox (10.14124pt too wide) in paragraph at lines 414--414
[]  
 []


</Users/caitlinmalone/Documents/ATLAS/HiggsCouplings2013/figures/cms_vbfhbb_bra
zil.pdf, id=681, 569.12625pt x 363.3575pt>
File: /Users/caitlinmalone/Documents/ATLAS/HiggsCouplings2013/figures/cms_vbfhb
b_brazil.pdf Graphic file (type pdf)

<use /Users/caitlinmalone/Documents/ATLAS/HiggsCouplings2013/figures/cms_vbfhbb
_brazil.pdf>
File: /Users/caitlinmalone/Documents/ATLAS/slac_logo.pdf Graphic file (type pdf
)
 <use /Users/caitlinmalone/Documents/ATLAS/slac_logo.pdf> [15

 </Users/caitlinmalone/Documents/ATLAS/HiggsCouplings2013/figures/cms_vbfhbb_an
n_output.pdf, page is rotated 90 degrees> </Users/caitlinmalone/Documents/ATLAS
/HiggsCouplings2013/figures/cms_vbfhbb_ann_categories.pdf, page is rotated 90 d
egrees> </Users/caitlinmalone/Documents/ATLAS/HiggsCouplings2013/figures/cms_vb
fhbb_brazil.pdf, page is rotated 90 degrees>]
File: /Users/caitlinmalone/Documents/ATLAS/slac_logo.pdf Graphic file (type pdf
)

<use /Users/caitlinmalone/Documents/ATLAS/slac_logo.pdf> [16

]
</Users/caitlinmalone/Documents/ATLAS/HiggsCouplings2013/figures/atlas_tthbb_ca
tegories_1.pdf, id=823, 569.12625pt x 385.44pt>
File: /Users/caitlinmalone/Documents/ATLAS/HiggsCouplings2013/figures/atlas_tth
bb_categories_1.pdf Graphic file (type pdf)

<use /Users/caitlinmalone/Documents/ATLAS/HiggsCouplings2013/figures/atlas_tthb
b_categories_1.pdf>
</Users/caitlinmalone/Documents/ATLAS/HiggsCouplings2013/figures/atlas_tthbb_ca
tegories_2.pdf, id=824, 569.12625pt x 256.96pt>
File: /Users/caitlinmalone/Documents/ATLAS/HiggsCouplings2013/figures/atlas_tth
bb_categories_2.pdf Graphic file (type pdf)

<use /Users/caitlinmalone/Documents/ATLAS/HiggsCouplings2013/figures/atlas_tthb
b_categories_2.pdf>
File: /Users/caitlinmalone/Documents/ATLAS/slac_logo.pdf Graphic file (type pdf
)
 <use /Users/caitlinmalone/Documents/ATLAS/slac_logo.pdf>
[17

 </Users/caitlinmalone/Documents/ATLAS/HiggsCouplings2013/figures/atlas_tthbb_c
ategories_1.pdf> </Users/caitlinmalone/Documents/ATLAS/HiggsCouplings2013/figur
es/atlas_tthbb_categories_2.pdf>]
</Users/caitlinmalone/Documents/ATLAS/HiggsCouplings2013/figures/atlas_tthbb_br
azil.pdf, id=889, 569.12625pt x 385.44pt>
File: /Users/caitlinmalone/Documents/ATLAS/HiggsCouplings2013/figures/atlas_tth
bb_brazil.pdf Graphic file (type pdf)

<use /Users/caitlinmalone/Documents/ATLAS/HiggsCouplings2013/figures/atlas_tthb
b_brazil.pdf>
</Users/caitlinmalone/Documents/ATLAS/HiggsCouplings2013/figures/cms_tthbb_braz
il_lepton_jets.pdf, id=890, 569.12625pt x 408.52625pt>
File: /Users/caitlinmalone/Documents/ATLAS/HiggsCouplings2013/figures/cms_tthbb
_brazil_lepton_jets.pdf Graphic file (type pdf)

<use /Users/caitlinmalone/Documents/ATLAS/HiggsCouplings2013/figures/cms_tthbb_
brazil_lepton_jets.pdf>
</Users/caitlinmalone/Documents/ATLAS/HiggsCouplings2013/figures/cms_tthbb_braz
il_dilepton.pdf, id=891, 569.12625pt x 408.52625pt>
File: /Users/caitlinmalone/Documents/ATLAS/HiggsCouplings2013/figures/cms_tthbb
_brazil_dilepton.pdf Graphic file (type pdf)

<use /Users/caitlinmalone/Documents/ATLAS/HiggsCouplings2013/figures/cms_tthbb_
brazil_dilepton.pdf>
File: /Users/caitlinmalone/Documents/ATLAS/slac_logo.pdf Graphic file (type pdf
)
 <use /Users/caitlinmalone/Documents/ATLAS/slac_logo.pdf>
Overfull \vbox (8.1762pt too high) detected at line 482
 []

[18

 </Users/caitlinmalone/Documents/ATLAS/HiggsCouplings2013/figures/atlas_tthbb_b
razil.pdf> </Users/caitlinmalone/Documents/ATLAS/HiggsCouplings2013/figures/cms
_tthbb_brazil_lepton_jets.pdf, page is rotated 90 degrees> </Users/caitlinmalon
e/Documents/ATLAS/HiggsCouplings2013/figures/cms_tthbb_brazil_dilepton.pdf, pag
e is rotated 90 degrees>]
File: /Users/caitlinmalone/Documents/ATLAS/slac_logo.pdf Graphic file (type pdf
)

<use /Users/caitlinmalone/Documents/ATLAS/slac_logo.pdf> [19

]
</Users/caitlinmalone/Documents/ATLAS/HiggsCouplings2013/figures/atlas_vhbb_del
ta_phi_uncorrected.pdf, id=1029, 569.12625pt x 487.8225pt>
File: /Users/caitlinmalone/Documents/ATLAS/HiggsCouplings2013/figures/atlas_vhb
b_delta_phi_uncorrected.pdf Graphic file (type pdf)

<use /Users/caitlinmalone/Documents/ATLAS/HiggsCouplings2013/figures/atlas_vhbb
_delta_phi_uncorrected.pdf>
Overfull \hbox (15.36426pt too wide) in paragraph at lines 538--538
[][]  
 []


</Users/caitlinmalone/Documents/ATLAS/HiggsCouplings2013/figures/atlas_vhbb_del
ta_phi_corrected.pdf, id=1030, 569.12625pt x 487.8225pt>
File: /Users/caitlinmalone/Documents/ATLAS/HiggsCouplings2013/figures/atlas_vhb
b_delta_phi_corrected.pdf Graphic file (type pdf)

<use /Users/caitlinmalone/Documents/ATLAS/HiggsCouplings2013/figures/atlas_vhbb
_delta_phi_corrected.pdf>
Overfull \hbox (15.36426pt too wide) in paragraph at lines 538--538
[][]  
 []


</Users/caitlinmalone/Documents/ATLAS/HiggsCouplings2013/figures/cms_vhbb_mbb_d
istribution.pdf, id=1031, 569.12625pt x 546.04pt>
File: /Users/caitlinmalone/Documents/ATLAS/HiggsCouplings2013/figures/cms_vhbb_
mbb_distribution.pdf Graphic file (type pdf)

<use /Users/caitlinmalone/Documents/ATLAS/HiggsCouplings2013/figures/cms_vhbb_m
bb_distribution.pdf>
File: /Users/caitlinmalone/Documents/ATLAS/slac_logo.pdf Graphic file (type pdf
)
 <use /Users/caitlinmalone/Documents/ATLAS/slac_logo.pdf>
Overfull \vbox (23.77122pt too high) detected at line 538
 []

[20

 </Users/caitlinmalone/Documents/ATLAS/HiggsCouplings2013/figures/atlas_vhbb_de
lta_phi_uncorrected.pdf> </Users/caitlinmalone/Documents/ATLAS/HiggsCouplings20
13/figures/atlas_vhbb_delta_phi_corrected.pdf> </Users/caitlinmalone/Documents/
ATLAS/HiggsCouplings2013/figures/cms_vhbb_mbb_distribution.pdf, page is rotated
 90 degrees>]
</Users/caitlinmalone/Documents/ATLAS/HiggsCouplings2013/figures/cms_vhbb_bdt_s
ensitive.pdf, id=1163, 569.12625pt x 546.04pt>
File: /Users/caitlinmalone/Documents/ATLAS/HiggsCouplings2013/figures/cms_vhbb_
bdt_sensitive.pdf Graphic file (type pdf)

<use /Users/caitlinmalone/Documents/ATLAS/HiggsCouplings2013/figures/cms_vhbb_b
dt_sensitive.pdf>
</Users/caitlinmalone/Documents/ATLAS/HiggsCouplings2013/figures/cms_vhbb_bdt_a
ll.pdf, id=1164, 569.12625pt x 546.04pt>
File: /Users/caitlinmalone/Documents/ATLAS/HiggsCouplings2013/figures/cms_vhbb_
bdt_all.pdf Graphic file (type pdf)

<use /Users/caitlinmalone/Documents/ATLAS/HiggsCouplings2013/figures/cms_vhbb_b
dt_all.pdf>
File: /Users/caitlinmalone/Documents/ATLAS/slac_logo.pdf Graphic file (type pdf
)
 <use /Users/caitlinmalone/Documents/ATLAS/slac_logo.pdf> [21

 </Users/caitlinmalone/Documents/ATLAS/HiggsCouplings2013/figures/cms_vhbb_bdt_
sensitive.pdf, page is rotated 90 degrees> </Users/caitlinmalone/Documents/ATLA
S/HiggsCouplings2013/figures/cms_vhbb_bdt_all.pdf, page is rotated 90 degrees>]

</Users/caitlinmalone/Documents/ATLAS/HiggsCouplings2013/figures/cms_vhbb_brazi
l.pdf, id=1257, 569.12625pt x 546.04pt>
File: /Users/caitlinmalone/Documents/ATLAS/HiggsCouplings2013/figures/cms_vhbb_
brazil.pdf Graphic file (type pdf)

<use /Users/caitlinmalone/Documents/ATLAS/HiggsCouplings2013/figures/cms_vhbb_b
razil.pdf>
</Users/caitlinmalone/Documents/ATLAS/HiggsCouplings2013/figures/cms_vhbb_p_val
ue.pdf, id=1258, 569.12625pt x 546.04pt>
File: /Users/caitlinmalone/Documents/ATLAS/HiggsCouplings2013/figures/cms_vhbb_
p_value.pdf Graphic file (type pdf)

<use /Users/caitlinmalone/Documents/ATLAS/HiggsCouplings2013/figures/cms_vhbb_p
_value.pdf>
File: /Users/caitlinmalone/Documents/ATLAS/slac_logo.pdf Graphic file (type pdf
)
 <use /Users/caitlinmalone/Documents/ATLAS/slac_logo.pdf> [22

 </Users/caitlinmalone/Documents/ATLAS/HiggsCouplings2013/figures/cms_vhbb_braz
il.pdf, page is rotated 90 degrees> </Users/caitlinmalone/Documents/ATLAS/Higgs
Couplings2013/figures/cms_vhbb_p_value.pdf, page is rotated 90 degrees>]
</Users/caitlinmalone/Documents/ATLAS/HiggsCouplings2013/figures/atlas_vhbb_0le
p_2jet_2tags_200GeV.pdf, id=1351, 569.12625pt x 546.04pt>
File: /Users/caitlinmalone/Documents/ATLAS/HiggsCouplings2013/figures/atlas_vhb
b_0lep_2jet_2tags_200GeV.pdf Graphic file (type pdf)

<use /Users/caitlinmalone/Documents/ATLAS/HiggsCouplings2013/figures/atlas_vhbb
_0lep_2jet_2tags_200GeV.pdf>
</Users/caitlinmalone/Documents/ATLAS/HiggsCouplings2013/figures/atlas_vhbb_1le
p_2jet_2tags_200GeV.pdf, id=1352, 569.12625pt x 546.04pt>
File: /Users/caitlinmalone/Documents/ATLAS/HiggsCouplings2013/figures/atlas_vhb
b_1lep_2jet_2tags_200GeV.pdf Graphic file (type pdf)

<use /Users/caitlinmalone/Documents/ATLAS/HiggsCouplings2013/figures/atlas_vhbb
_1lep_2jet_2tags_200GeV.pdf>
</Users/caitlinmalone/Documents/ATLAS/HiggsCouplings2013/figures/atlas_vhbb_2le
p_2jet_2tags_200GeV.pdf, id=1353, 569.12625pt x 546.04pt>
File: /Users/caitlinmalone/Documents/ATLAS/HiggsCouplings2013/figures/atlas_vhb
b_2lep_2jet_2tags_200GeV.pdf Graphic file (type pdf)

<use /Users/caitlinmalone/Documents/ATLAS/HiggsCouplings2013/figures/atlas_vhbb
_2lep_2jet_2tags_200GeV.pdf>
File: /Users/caitlinmalone/Documents/ATLAS/slac_logo.pdf Graphic file (type pdf
)

<use /Users/caitlinmalone/Documents/ATLAS/slac_logo.pdf> [23

 </Users/caitlinmalone/Documents/ATLAS/HiggsCouplings2013/figures/atlas_vhbb_0l
ep_2jet_2tags_200GeV.pdf> </Users/caitlinmalone/Documents/ATLAS/HiggsCouplings2
013/figures/atlas_vhbb_1lep_2jet_2tags_200GeV.pdf> </Users/caitlinmalone/Docume
nts/ATLAS/HiggsCouplings2013/figures/atlas_vhbb_2lep_2jet_2tags_200GeV.pdf>]
</Users/caitlinmalone/Documents/ATLAS/HiggsCouplings2013/figures/atlas_vhbb_bra
zil.pdf, id=1495, 569.12625pt x 450.68375pt>
File: /Users/caitlinmalone/Documents/ATLAS/HiggsCouplings2013/figures/atlas_vhb
b_brazil.pdf Graphic file (type pdf)

<use /Users/caitlinmalone/Documents/ATLAS/HiggsCouplings2013/figures/atlas_vhbb
_brazil.pdf>
</Users/caitlinmalone/Documents/ATLAS/HiggsCouplings2013/figures/atlas_vhbb_p_v
alue.pdf, id=1496, 569.12625pt x 546.04pt>
File: /Users/caitlinmalone/Documents/ATLAS/HiggsCouplings2013/figures/atlas_vhb
b_p_value.pdf Graphic file (type pdf)

<use /Users/caitlinmalone/Documents/ATLAS/HiggsCouplings2013/figures/atlas_vhbb
_p_value.pdf>
File: /Users/caitlinmalone/Documents/ATLAS/slac_logo.pdf Graphic file (type pdf
)
 <use /Users/caitlinmalone/Documents/ATLAS/slac_logo.pdf> [24

 </Users/caitlinmalone/Documents/ATLAS/HiggsCouplings2013/figures/atlas_vhbb_br
azil.pdf> </Users/caitlinmalone/Documents/ATLAS/HiggsCouplings2013/figures/atla
s_vhbb_p_value.pdf>] [25

]
</Users/caitlinmalone/Documents/ATLAS/HiggsCouplings2013/figures/hmumu_theory.p
df, id=1580, 932.48375pt x 465.74pt>
File: /Users/caitlinmalone/Documents/ATLAS/HiggsCouplings2013/figures/hmumu_the
ory.pdf Graphic file (type pdf)

<use /Users/caitlinmalone/Documents/ATLAS/HiggsCouplings2013/figures/hmumu_theo
ry.pdf>
File: /Users/caitlinmalone/Documents/ATLAS/slac_logo.pdf Graphic file (type pdf
)
 <use /Users/caitlinmalone/Documents/ATLAS/slac_logo.pdf> [26

 </Users/caitlinmalone/Documents/ATLAS/HiggsCouplings2013/figures/hmumu_theory.
pdf>]
</Users/caitlinmalone/Documents/ATLAS/HiggsCouplings2013/figures/atlas_hmumu_ma
ss_linear.pdf, id=1596, 569.12625pt x 546.04pt>
File: /Users/caitlinmalone/Documents/ATLAS/HiggsCouplings2013/figures/atlas_hmu
mu_mass_linear.pdf Graphic file (type pdf)

<use /Users/caitlinmalone/Documents/ATLAS/HiggsCouplings2013/figures/atlas_hmum
u_mass_linear.pdf>
</Users/caitlinmalone/Documents/ATLAS/HiggsCouplings2013/figures/atlas_hmumu_ma
ss_sim_central.pdf, id=1597, 569.12625pt x 546.04pt>
File: /Users/caitlinmalone/Documents/ATLAS/HiggsCouplings2013/figures/atlas_hmu
mu_mass_sim_central.pdf Graphic file (type pdf)

<use /Users/caitlinmalone/Documents/ATLAS/HiggsCouplings2013/figures/atlas_hmum
u_mass_sim_central.pdf>
Overfull \hbox (7.68271pt too wide) in paragraph at lines 725--725
[][]  
 []


</Users/caitlinmalone/Documents/ATLAS/HiggsCouplings2013/figures/atlas_hmumu_ma
ss_data_central.pdf, id=1598, 569.12625pt x 546.04pt>
File: /Users/caitlinmalone/Documents/ATLAS/HiggsCouplings2013/figures/atlas_hmu
mu_mass_data_central.pdf Graphic file (type pdf)

<use /Users/caitlinmalone/Documents/ATLAS/HiggsCouplings2013/figures/atlas_hmum
u_mass_data_central.pdf>
Overfull \hbox (7.68271pt too wide) in paragraph at lines 725--725
[][]  
 []


</Users/caitlinmalone/Documents/ATLAS/HiggsCouplings2013/figures/atlas_hmumu_ma
ss_sim_non_central.pdf, id=1599, 569.12625pt x 546.04pt>
File: /Users/caitlinmalone/Documents/ATLAS/HiggsCouplings2013/figures/atlas_hmu
mu_mass_sim_non_central.pdf Graphic file (type pdf)

<use /Users/caitlinmalone/Documents/ATLAS/HiggsCouplings2013/figures/atlas_hmum
u_mass_sim_non_central.pdf>
Overfull \hbox (7.68271pt too wide) in paragraph at lines 725--725
[][]  
 []


</Users/caitlinmalone/Documents/ATLAS/HiggsCouplings2013/figures/atlas_hmumu_ma
ss_data_non_central.pdf, id=1600, 569.12625pt x 546.04pt>
File: /Users/caitlinmalone/Documents/ATLAS/HiggsCouplings2013/figures/atlas_hmu
mu_mass_data_non_central.pdf Graphic file (type pdf)

<use /Users/caitlinmalone/Documents/ATLAS/HiggsCouplings2013/figures/atlas_hmum
u_mass_data_non_central.pdf>
Overfull \hbox (7.68271pt too wide) in paragraph at lines 725--725
[][]  
 []

File: /Users/caitlinmalone/Documents/ATLAS/slac_logo.pdf Graphic file (type pdf
)
<use /Users/caitlinmalone/Documents/ATLAS/slac_logo.pdf> [27

 </Users/caitlinmalone/Documents/ATLAS/HiggsCouplings2013/figures/atlas_hmumu_m
ass_linear.pdf, page is rotated 90 degrees> </Users/caitlinmalone/Documents/ATL
AS/HiggsCouplings2013/figures/atlas_hmumu_mass_sim_central.pdf, page is rotated
 90 degrees> </Users/caitlinmalone/Documents/ATLAS/HiggsCouplings2013/figures/a
tlas_hmumu_mass_data_central.pdf, page is rotated 90 degrees> </Users/caitlinma
lone/Documents/ATLAS/HiggsCouplings2013/figures/atlas_hmumu_mass_sim_non_centra
l.pdf, page is rotated 90 degrees> </Users/caitlinmalone/Documents/ATLAS/HiggsC
ouplings2013/figures/atlas_hmumu_mass_data_non_central.pdf, page is rotated 90 
degrees>]
</Users/caitlinmalone/Documents/ATLAS/HiggsCouplings2013/figures/atlas_hmumu_br
azil.pdf, id=1823, 569.12625pt x 408.52625pt>
File: /Users/caitlinmalone/Documents/ATLAS/HiggsCouplings2013/figures/atlas_hmu
mu_brazil.pdf Graphic file (type pdf)

<use /Users/caitlinmalone/Documents/ATLAS/HiggsCouplings2013/figures/atlas_hmum
u_brazil.pdf>
</Users/caitlinmalone/Documents/ATLAS/HiggsCouplings2013/figures/atlas_hmumu_p_
value.pdf, id=1824, 569.12625pt x 408.52625pt>
File: /Users/caitlinmalone/Documents/ATLAS/HiggsCouplings2013/figures/atlas_hmu
mu_p_value.pdf Graphic file (type pdf)

<use /Users/caitlinmalone/Documents/ATLAS/HiggsCouplings2013/figures/atlas_hmum
u_p_value.pdf>
Overfull \hbox (17.9468pt too wide) in paragraph at lines 752--752
 [] 
 []

File: /Users/caitlinmalone/Documents/ATLAS/slac_logo.pdf Graphic file (type pdf
)
<use /Users/caitlinmalone/Documents/ATLAS/slac_logo.pdf> [28

 </Users/caitlinmalone/Documents/ATLAS/HiggsCouplings2013/figures/atlas_hmumu_b
razil.pdf, page is rotated 90 degrees> </Users/caitlinmalone/Documents/ATLAS/Hi
ggsCouplings2013/figures/atlas_hmumu_p_value.pdf, page is rotated 90 degrees>]
File: /Users/caitlinmalone/Documents/ATLAS/slac_logo.pdf Graphic file (type pdf
)

<use /Users/caitlinmalone/Documents/ATLAS/slac_logo.pdf> [29

]
</Users/caitlinmalone/Documents/ATLAS/HiggsCouplings2013/figures/atlas_mu_all_c
hannels.pdf, id=1923, 569.12625pt x 541.02126pt>
File: /Users/caitlinmalone/Documents/ATLAS/HiggsCouplings2013/figures/atlas_mu_
all_channels.pdf Graphic file (type pdf)

<use /Users/caitlinmalone/Documents/ATLAS/HiggsCouplings2013/figures/atlas_mu_a
ll_channels.pdf>
</Users/caitlinmalone/Documents/ATLAS/HiggsCouplings2013/figures/cms_mu_all_cha
nnels.pdf, id=1924, 569.12625pt x 546.04pt>
File: /Users/caitlinmalone/Documents/ATLAS/HiggsCouplings2013/figures/cms_mu_al
l_channels.pdf Graphic file (type pdf)

<use /Users/caitlinmalone/Documents/ATLAS/HiggsCouplings2013/figures/cms_mu_all
_channels.pdf>
File: /Users/caitlinmalone/Documents/ATLAS/slac_logo.pdf Graphic file (type pdf
)
 <use /Users/caitlinmalone/Documents/ATLAS/slac_logo.pdf>
[30

 </Users/caitlinmalone/Documents/ATLAS/HiggsCouplings2013/figures/atlas_mu_all_
channels.pdf> </Users/caitlinmalone/Documents/ATLAS/HiggsCouplings2013/figures/
cms_mu_all_channels.pdf, page is rotated 90 degrees>]
File: /Users/caitlinmalone/Documents/ATLAS/slac_logo.pdf Graphic file (type pdf
)

<use /Users/caitlinmalone/Documents/ATLAS/slac_logo.pdf> [31

]
File: /Users/caitlinmalone/Documents/ATLAS/slac_logo.pdf Graphic file (type pdf
)

<use /Users/caitlinmalone/Documents/ATLAS/slac_logo.pdf> [32

] [33

]
File: /Users/caitlinmalone/Documents/ATLAS/slac_logo.pdf Graphic file (type pdf
)

<use /Users/caitlinmalone/Documents/ATLAS/slac_logo.pdf> [34

]
<figures/cms_htautau_mumu_VBF.pdf, id=2056, 569.12625pt x 546.04pt>
File: figures/cms_htautau_mumu_VBF.pdf Graphic file (type pdf)

<use figures/cms_htautau_mumu_VBF.pdf>
<figures/cms_htautau_emu_VBF.pdf, id=2057, 569.12625pt x 546.04pt>
File: figures/cms_htautau_emu_VBF.pdf Graphic file (type pdf)

<use figures/cms_htautau_emu_VBF.pdf>
<figures/atlas_htautau_leplep_VBF_7TeV.pdf, id=2058, 569.12625pt x 546.04pt>
File: figures/atlas_htautau_leplep_VBF_7TeV.pdf Graphic file (type pdf)

<use figures/atlas_htautau_leplep_VBF_7TeV.pdf>
<figures/atlas_htautau_leplep_VBF_8TeV.pdf, id=2059, 569.12625pt x 546.04pt>
File: figures/atlas_htautau_leplep_VBF_8TeV.pdf Graphic file (type pdf)

<use figures/atlas_htautau_leplep_VBF_8TeV.pdf>
File: /Users/caitlinmalone/Documents/ATLAS/slac_logo.pdf Graphic file (type pdf
)

<use /Users/caitlinmalone/Documents/ATLAS/slac_logo.pdf>
Overfull \vbox (3.30841pt too high) detected at line 849
 []

[35

 <./figures/cms_htautau_mumu_VBF.pdf, page is rotated 90 degrees> <./figures/cm
s_htautau_emu_VBF.pdf, page is rotated 90 degrees> <./figures/atlas_htautau_lep
lep_VBF_7TeV.pdf> <./figures/atlas_htautau_leplep_VBF_8TeV.pdf>]
</Users/caitlinmalone/Documents/ATLAS/HiggsCouplings2013/figures/cms_htautau_si
gnal_strength.pdf, id=2234, 569.12625pt x 408.52625pt>
File: /Users/caitlinmalone/Documents/ATLAS/HiggsCouplings2013/figures/cms_htaut
au_signal_strength.pdf Graphic file (type pdf)

<use /Users/caitlinmalone/Documents/ATLAS/HiggsCouplings2013/figures/cms_htauta
u_signal_strength.pdf>
File: /Users/caitlinmalone/Documents/ATLAS/slac_logo.pdf Graphic file (type pdf
)

<use /Users/caitlinmalone/Documents/ATLAS/slac_logo.pdf> [36

 </Users/caitlinmalone/Documents/ATLAS/HiggsCouplings2013/figures/cms_htautau_s
ignal_strength.pdf, page is rotated 90 degrees>]
</Users/caitlinmalone/Documents/ATLAS/HiggsCouplings2013/figures/atlas_htautau_
leplep_brazil.pdf, id=2284, 569.12625pt x 546.04pt>
File: /Users/caitlinmalone/Documents/ATLAS/HiggsCouplings2013/figures/atlas_hta
utau_leplep_brazil.pdf Graphic file (type pdf)

<use /Users/caitlinmalone/Documents/ATLAS/HiggsCouplings2013/figures/atlas_htau
tau_leplep_brazil.pdf>
</Users/caitlinmalone/Documents/ATLAS/HiggsCouplings2013/figures/atlas_htautau_
lephad_brazil.pdf, id=2285, 569.12625pt x 546.04pt>
File: /Users/caitlinmalone/Documents/ATLAS/HiggsCouplings2013/figures/atlas_hta
utau_lephad_brazil.pdf Graphic file (type pdf)

<use /Users/caitlinmalone/Documents/ATLAS/HiggsCouplings2013/figures/atlas_htau
tau_lephad_brazil.pdf>
</Users/caitlinmalone/Documents/ATLAS/HiggsCouplings2013/figures/atlas_htautau_
hadhad_brazil.pdf, id=2286, 569.12625pt x 546.04pt>
File: /Users/caitlinmalone/Documents/ATLAS/HiggsCouplings2013/figures/atlas_hta
utau_hadhad_brazil.pdf Graphic file (type pdf)

<use /Users/caitlinmalone/Documents/ATLAS/HiggsCouplings2013/figures/atlas_htau
tau_hadhad_brazil.pdf>
File: /Users/caitlinmalone/Documents/ATLAS/slac_logo.pdf Graphic file (type pdf
)

<use /Users/caitlinmalone/Documents/ATLAS/slac_logo.pdf> [37

 </Users/caitlinmalone/Documents/ATLAS/HiggsCouplings2013/figures/atlas_htautau
_leplep_brazil.pdf> </Users/caitlinmalone/Documents/ATLAS/HiggsCouplings2013/fi
gures/atlas_htautau_lephad_brazil.pdf> </Users/caitlinmalone/Documents/ATLAS/Hi
ggsCouplings2013/figures/atlas_htautau_hadhad_brazil.pdf>]
</Users/caitlinmalone/Documents/ATLAS/HiggsCouplings2013/figures/cms_logo.pdf, 
id=2416, 394.83508pt x 393.6306pt>
File: /Users/caitlinmalone/Documents/ATLAS/HiggsCouplings2013/figures/cms_logo.
pdf Graphic file (type pdf)

<use /Users/caitlinmalone/Documents/ATLAS/HiggsCouplings2013/figures/cms_logo.p
df>
Overfull \hbox (35.42517pt too wide) in paragraph at lines 933--933
 [] 
 []


</Users/caitlinmalone/Documents/ATLAS/HiggsCouplings2013/figures/atlas_logo.pdf
, id=2417, 1505.625pt x 1806.75pt>
File: /Users/caitlinmalone/Documents/ATLAS/HiggsCouplings2013/figures/atlas_log
o.pdf Graphic file (type pdf)

<use /Users/caitlinmalone/Documents/ATLAS/HiggsCouplings2013/figures/atlas_logo
.pdf>
File: /Users/caitlinmalone/Documents/ATLAS/slac_logo.pdf Graphic file (type pdf
)
 <use /Users/caitlinmalone/Documents/ATLAS/slac_logo.pdf> [38

 </Users/caitlinmalone/Documents/ATLAS/HiggsCouplings2013/figures/cms_logo.pdf>
 </Users/caitlinmalone/Documents/ATLAS/HiggsCouplings2013/figures/atlas_logo.pd
f>]
\tf@nav=\write7
\openout7 = `H_to_fermions_Malone.nav'.

\tf@toc=\write8
\openout8 = `H_to_fermions_Malone.toc'.

\tf@snm=\write9
\openout9 = `H_to_fermions_Malone.snm'.


(./H_to_fermions_Malone.aux)

LaTeX Font Warning: Size substitutions with differences
(Font)              up to 1.0pt have occurred.

 ) 
Here is how much of TeX's memory you used:
 20855 strings out of 493848
 465621 string characters out of 3149207
 563895 words of memory out of 3000000
 23453 multiletter control sequences out of 15000+200000
 19050 words of font info for 71 fonts, out of 3000000 for 9000
 714 hyphenation exceptions out of 8191
 48i,15n,57p,420b,723s stack positions out of 5000i,500n,10000p,200000b,50000s
</usr/local/texlive/2009/texmf-dist/fonts/type1/public/amsfonts/cm/cmmi10.pfb
></usr/local/texlive/2009/texmf-dist/fonts/type1/public/amsfonts/cm/cmmi12.pfb>
</usr/local/texlive/2009/texmf-dist/fonts/type1/public/amsfonts/cm/cmmi5.pfb></
usr/local/texlive/2009/texmf-dist/fonts/type1/public/amsfonts/cm/cmmi6.pfb></us
r/local/texlive/2009/texmf-dist/fonts/type1/public/amsfonts/cm/cmmi7.pfb></usr/
local/texlive/2009/texmf-dist/fonts/type1/public/amsfonts/cm/cmmi8.pfb></usr/lo
cal/texlive/2009/texmf-dist/fonts/type1/public/amsfonts/cm/cmr10.pfb></usr/loca
l/texlive/2009/texmf-dist/fonts/type1/public/amsfonts/cm/cmr7.pfb></usr/local/t
exlive/2009/texmf-dist/fonts/type1/public/amsfonts/cm/cmss10.pfb></usr/local/te
xlive/2009/texmf-dist/fonts/type1/public/amsfonts/cm/cmss12.pfb></usr/local/tex
live/2009/texmf-dist/fonts/type1/public/amsfonts/cm/cmss8.pfb></usr/local/texli
ve/2009/texmf-dist/fonts/type1/public/amsfonts/cm/cmssi10.pfb></usr/local/texli
ve/2009/texmf-dist/fonts/type1/public/amsfonts/cm/cmssi12.pfb></usr/local/texli
ve/2009/texmf-dist/fonts/type1/public/amsfonts/cm/cmssi17.pfb></usr/local/texli
ve/2009/texmf-dist/fonts/type1/public/amsfonts/cm/cmssi8.pfb></usr/local/texliv
e/2009/texmf-dist/fonts/type1/public/amsfonts/cm/cmsy10.pfb></usr/local/texlive
/2009/texmf-dist/fonts/type1/public/amsfonts/cm/cmsy5.pfb></usr/local/texlive/2
009/texmf-dist/fonts/type1/public/amsfonts/cm/cmsy6.pfb></usr/local/texlive/200
9/texmf-dist/fonts/type1/public/amsfonts/cm/cmsy8.pfb>
Output written on H_to_fermions_Malone.pdf (38 pages, 5020678 bytes).
PDF statistics:
 2515 PDF objects out of 2984 (max. 8388607)
 77 named destinations out of 1000 (max. 500000)
 330 words of extra memory for PDF output out of 10000 (max. 10000000)

